{"/home/travis/build/npmtest/node-npmtest-nlf/test.js":{"path":"/home/travis/build/npmtest/node-npmtest-nlf/test.js","s":{"1":2,"2":2,"3":2,"4":2,"5":2,"6":2,"7":2,"8":1,"9":2,"10":2,"11":1,"12":1,"13":1,"14":1,"15":2,"16":2,"17":2,"18":2,"19":1,"20":1,"21":2,"22":2,"23":2,"24":1,"25":1,"26":1,"27":1,"28":1,"29":1,"30":1,"31":1,"32":1,"33":1,"34":1,"35":1,"36":1,"37":1,"38":1,"39":2,"40":2,"41":1,"42":2,"43":2,"44":1,"45":2,"46":2,"47":1,"48":2,"49":2,"50":1,"51":1,"52":1,"53":1,"54":1},"b":{"1":[2,1,1,1],"2":[1,1,1,1],"3":[1,1],"4":[1,1],"5":[1,1],"6":[1,1],"7":[1,1],"8":[1,1],"9":[1,1],"10":[1,1,1],"11":[1,1],"12":[1,1],"13":[1,1],"14":[1,1],"15":[1,1],"16":[1,1],"17":[1,1]},"f":{"1":2,"2":2,"3":2,"4":2,"5":2,"6":1,"7":1,"8":1,"9":2,"10":2,"11":2,"12":2,"13":1},"fnMap":{"1":{"name":"(anonymous_1)","line":12,"loc":{"start":{"line":12,"column":1},"end":{"line":12,"column":13}}},"2":{"name":"(anonymous_2)","line":19,"loc":{"start":{"line":19,"column":5},"end":{"line":19,"column":17}}},"3":{"name":"(anonymous_3)","line":23,"loc":{"start":{"line":23,"column":24},"end":{"line":23,"column":36}}},"4":{"name":"(anonymous_4)","line":61,"loc":{"start":{"line":61,"column":5},"end":{"line":61,"column":17}}},"5":{"name":"(anonymous_5)","line":82,"loc":{"start":{"line":82,"column":5},"end":{"line":82,"column":17}}},"6":{"name":"(anonymous_6)","line":91,"loc":{"start":{"line":91,"column":77},"end":{"line":94,"column":10}}},"7":{"name":"(anonymous_7)","line":112,"loc":{"start":{"line":112,"column":83},"end":{"line":115,"column":10}},"skip":true},"8":{"name":"(anonymous_8)","line":123,"loc":{"start":{"line":123,"column":77},"end":{"line":126,"column":10}},"skip":true},"9":{"name":"(anonymous_9)","line":139,"loc":{"start":{"line":139,"column":12},"end":{"line":139,"column":40}},"skip":true},"10":{"name":"(anonymous_10)","line":147,"loc":{"start":{"line":147,"column":77},"end":{"line":150,"column":10}},"skip":true},"11":{"name":"(anonymous_11)","line":158,"loc":{"start":{"line":158,"column":83},"end":{"line":161,"column":10}},"skip":true},"12":{"name":"(anonymous_12)","line":169,"loc":{"start":{"line":169,"column":79},"end":{"line":172,"column":10}},"skip":true},"13":{"name":"(anonymous_13)","line":180,"loc":{"start":{"line":180,"column":75},"end":{"line":183,"column":10}},"skip":true}},"statementMap":{"1":{"start":{"line":12,"column":0},"end":{"line":195,"column":5}},"2":{"start":{"line":14,"column":4},"end":{"line":14,"column":14}},"3":{"start":{"line":19,"column":4},"end":{"line":56,"column":9}},"4":{"start":{"line":21,"column":8},"end":{"line":21,"column":19}},"5":{"start":{"line":23,"column":8},"end":{"line":35,"column":13}},"6":{"start":{"line":24,"column":12},"end":{"line":34,"column":13}},"7":{"start":{"line":25,"column":16},"end":{"line":28,"column":30}},"8":{"start":{"line":30,"column":16},"end":{"line":33,"column":27}},"9":{"start":{"line":37,"column":8},"end":{"line":39,"column":21}},"10":{"start":{"line":40,"column":8},"end":{"line":53,"column":9}},"11":{"start":{"line":43,"column":12},"end":{"line":46,"column":14}},"12":{"start":{"line":47,"column":12},"end":{"line":47,"column":18}},"13":{"start":{"line":50,"column":12},"end":{"line":51,"column":33}},"14":{"start":{"line":52,"column":12},"end":{"line":52,"column":18}},"15":{"start":{"line":55,"column":8},"end":{"line":55,"column":35}},"16":{"start":{"line":61,"column":4},"end":{"line":63,"column":9}},"17":{"start":{"line":62,"column":8},"end":{"line":62,"column":15}},"18":{"start":{"line":64,"column":4},"end":{"line":77,"column":5}},"19":{"start":{"line":70,"column":8},"end":{"line":70,"column":14}},"20":{"start":{"line":76,"column":8},"end":{"line":76,"column":14}},"21":{"start":{"line":82,"column":4},"end":{"line":84,"column":9}},"22":{"start":{"line":83,"column":8},"end":{"line":83,"column":15}},"23":{"start":{"line":85,"column":4},"end":{"line":194,"column":5}},"24":{"start":{"line":91,"column":8},"end":{"line":99,"column":10}},"25":{"start":{"line":98,"column":12},"end":{"line":98,"column":35}},"26":{"start":{"line":102,"column":8},"end":{"line":104,"column":63}},"27":{"start":{"line":105,"column":8},"end":{"line":105,"column":14}},"28":{"start":{"line":112,"column":8},"end":{"line":121,"column":10},"skip":true},"29":{"start":{"line":119,"column":12},"end":{"line":119,"column":55},"skip":true},"30":{"start":{"line":120,"column":12},"end":{"line":120,"column":48},"skip":true},"31":{"start":{"line":123,"column":8},"end":{"line":136,"column":10},"skip":true},"32":{"start":{"line":130,"column":12},"end":{"line":130,"column":76},"skip":true},"33":{"start":{"line":131,"column":12},"end":{"line":131,"column":73},"skip":true},"34":{"start":{"line":132,"column":12},"end":{"line":132,"column":74},"skip":true},"35":{"start":{"line":133,"column":12},"end":{"line":133,"column":79},"skip":true},"36":{"start":{"line":134,"column":12},"end":{"line":134,"column":25},"skip":true},"37":{"start":{"line":135,"column":12},"end":{"line":135,"column":45},"skip":true},"38":{"start":{"line":138,"column":8},"end":{"line":145,"column":14},"skip":true},"39":{"start":{"line":143,"column":16},"end":{"line":143,"column":29},"skip":true},"40":{"start":{"line":144,"column":16},"end":{"line":144,"column":55},"skip":true},"41":{"start":{"line":147,"column":8},"end":{"line":156,"column":10},"skip":true},"42":{"start":{"line":154,"column":12},"end":{"line":154,"column":25},"skip":true},"43":{"start":{"line":155,"column":12},"end":{"line":155,"column":45},"skip":true},"44":{"start":{"line":158,"column":8},"end":{"line":167,"column":10},"skip":true},"45":{"start":{"line":165,"column":12},"end":{"line":165,"column":25},"skip":true},"46":{"start":{"line":166,"column":12},"end":{"line":166,"column":48},"skip":true},"47":{"start":{"line":169,"column":8},"end":{"line":178,"column":10},"skip":true},"48":{"start":{"line":176,"column":12},"end":{"line":176,"column":25},"skip":true},"49":{"start":{"line":177,"column":12},"end":{"line":177,"column":46},"skip":true},"50":{"start":{"line":180,"column":8},"end":{"line":189,"column":10},"skip":true},"51":{"start":{"line":187,"column":12},"end":{"line":187,"column":94},"skip":true},"52":{"start":{"line":188,"column":12},"end":{"line":188,"column":48},"skip":true},"53":{"start":{"line":192,"column":8},"end":{"line":192,"column":35},"skip":true},"54":{"start":{"line":193,"column":8},"end":{"line":193,"column":14},"skip":true}},"branchMap":{"1":{"line":25,"type":"binary-expr","locations":[{"start":{"line":25,"column":23},"end":{"line":25,"column":62}},{"start":{"line":26,"column":20},"end":{"line":26,"column":70}},{"start":{"line":27,"column":20},"end":{"line":27,"column":71}},{"start":{"line":28,"column":20},"end":{"line":28,"column":29}}]},"2":{"line":30,"type":"binary-expr","locations":[{"start":{"line":30,"column":23},"end":{"line":30,"column":37}},{"start":{"line":31,"column":20},"end":{"line":31,"column":61}},{"start":{"line":32,"column":20},"end":{"line":32,"column":70}},{"start":{"line":33,"column":20},"end":{"line":33,"column":26}}]},"3":{"line":37,"type":"cond-expr","locations":[{"start":{"line":38,"column":14},"end":{"line":38,"column":20}},{"start":{"line":39,"column":14},"end":{"line":39,"column":20}}]},"4":{"line":40,"type":"switch","locations":[{"start":{"line":42,"column":8},"end":{"line":47,"column":18}},{"start":{"line":49,"column":8},"end":{"line":52,"column":18}}]},"5":{"line":44,"type":"binary-expr","locations":[{"start":{"line":44,"column":16},"end":{"line":44,"column":44}},{"start":{"line":44,"column":48},"end":{"line":44,"column":66}}]},"6":{"line":50,"type":"binary-expr","locations":[{"start":{"line":50,"column":21},"end":{"line":50,"column":49}},{"start":{"line":50,"column":53},"end":{"line":50,"column":72}}]},"7":{"line":64,"type":"switch","locations":[{"start":{"line":69,"column":4},"end":{"line":70,"column":14}},{"start":{"line":75,"column":4},"end":{"line":76,"column":14}}]},"8":{"line":85,"type":"switch","locations":[{"start":{"line":90,"column":4},"end":{"line":105,"column":14}},{"start":{"line":111,"column":4},"end":{"line":193,"column":14},"skip":true}]},"9":{"line":91,"type":"binary-expr","locations":[{"start":{"line":91,"column":42},"end":{"line":91,"column":73}},{"start":{"line":91,"column":77},"end":{"line":99,"column":9}}]},"10":{"line":102,"type":"binary-expr","locations":[{"start":{"line":102,"column":18},"end":{"line":102,"column":32}},{"start":{"line":103,"column":12},"end":{"line":103,"column":53}},{"start":{"line":104,"column":12},"end":{"line":104,"column":61}}]},"11":{"line":112,"type":"binary-expr","locations":[{"start":{"line":112,"column":45},"end":{"line":112,"column":79},"skip":true},{"start":{"line":112,"column":83},"end":{"line":121,"column":9},"skip":true}]},"12":{"line":123,"type":"binary-expr","locations":[{"start":{"line":123,"column":42},"end":{"line":123,"column":73},"skip":true},{"start":{"line":123,"column":77},"end":{"line":136,"column":9},"skip":true}]},"13":{"line":138,"type":"binary-expr","locations":[{"start":{"line":138,"column":48},"end":{"line":138,"column":85},"skip":true},{"start":{"line":139,"column":12},"end":{"line":145,"column":13},"skip":true}]},"14":{"line":147,"type":"binary-expr","locations":[{"start":{"line":147,"column":42},"end":{"line":147,"column":73},"skip":true},{"start":{"line":147,"column":77},"end":{"line":156,"column":9},"skip":true}]},"15":{"line":158,"type":"binary-expr","locations":[{"start":{"line":158,"column":45},"end":{"line":158,"column":79},"skip":true},{"start":{"line":158,"column":83},"end":{"line":167,"column":9},"skip":true}]},"16":{"line":169,"type":"binary-expr","locations":[{"start":{"line":169,"column":43},"end":{"line":169,"column":75},"skip":true},{"start":{"line":169,"column":79},"end":{"line":178,"column":9},"skip":true}]},"17":{"line":180,"type":"binary-expr","locations":[{"start":{"line":180,"column":41},"end":{"line":180,"column":71},"skip":true},{"start":{"line":180,"column":75},"end":{"line":189,"column":9},"skip":true}]}},"code":["/* istanbul instrument in package npmtest_nlf */","/*jslint","    bitwise: true,","    browser: true,","    maxerr: 8,","    maxlen: 96,","    node: true,","    nomen: true,","    regexp: true,","    stupid: true","*/","(function () {","    'use strict';","    var local;","","","","    // run shared js-env code - pre-init","    (function () {","        // init local","        local = {};","        // init modeJs","        local.modeJs = (function () {","            try {","                return typeof navigator.userAgent === 'string' &&","                    typeof document.querySelector('body') === 'object' &&","                    typeof XMLHttpRequest.prototype.open === 'function' &&","                    'browser';","            } catch (errorCaughtBrowser) {","                return module.exports &&","                    typeof process.versions.node === 'string' &&","                    typeof require('http').createServer === 'function' &&","                    'node';","            }","        }());","        // init global","        local.global = local.modeJs === 'browser'","            ? window","            : global;","        switch (local.modeJs) {","        // re-init local from window.local","        case 'browser':","            local = local.global.utility2.objectSetDefault(","                local.global.utility2_rollup || local.global.local,","                local.global.utility2","            );","            break;","        // re-init local from example.js","        case 'node':","            local = (local.global.utility2_rollup || require('utility2'))","                .requireReadme();","            break;","        }","        // export local","        local.global.local = local;","    }());","","","","    // run shared js-env code - function","    (function () {","        return;","    }());","    switch (local.modeJs) {","","","","    // run browser js-env code - function","    case 'browser':","        break;","","","","    // run node js-env code - function","    case 'node':","        break;","    }","","","","    // run shared js-env code - post-init","    (function () {","        return;","    }());","    switch (local.modeJs) {","","","","    // run browser js-env code - post-init","    case 'browser':","        local.testCase_browser_nullCase = local.testCase_browser_nullCase || function (","            options,","            onError","        ) {","        /*","         * this function will test browsers's null-case handling-behavior-behavior","         */","            onError(null, options);","        };","","        // run tests","        local.nop(local.modeTest &&","            document.querySelector('#testRunButton1') &&","            document.querySelector('#testRunButton1').click());","        break;","","","","    // run node js-env code - post-init","    /* istanbul ignore next */","    case 'node':","        local.testCase_buildApidoc_default = local.testCase_buildApidoc_default || function (","            options,","            onError","        ) {","        /*","         * this function will test buildApidoc's default handling-behavior-behavior","         */","            options = { modulePathList: module.paths };","            local.buildApidoc(options, onError);","        };","","        local.testCase_buildApp_default = local.testCase_buildApp_default || function (","            options,","            onError","        ) {","        /*","         * this function will test buildApp's default handling-behavior-behavior","         */","            local.testCase_buildReadme_default(options, local.onErrorThrow);","            local.testCase_buildLib_default(options, local.onErrorThrow);","            local.testCase_buildTest_default(options, local.onErrorThrow);","            local.testCase_buildCustomOrg_default(options, local.onErrorThrow);","            options = [];","            local.buildApp(options, onError);","        };","","        local.testCase_buildCustomOrg_default = local.testCase_buildCustomOrg_default ||","            function (options, onError) {","            /*","             * this function will test buildCustomOrg's default handling-behavior","             */","                options = {};","                local.buildCustomOrg(options, onError);","            };","","        local.testCase_buildLib_default = local.testCase_buildLib_default || function (","            options,","            onError","        ) {","        /*","         * this function will test buildLib's default handling-behavior","         */","            options = {};","            local.buildLib(options, onError);","        };","","        local.testCase_buildReadme_default = local.testCase_buildReadme_default || function (","            options,","            onError","        ) {","        /*","         * this function will test buildReadme's default handling-behavior-behavior","         */","            options = {};","            local.buildReadme(options, onError);","        };","","        local.testCase_buildTest_default = local.testCase_buildTest_default || function (","            options,","            onError","        ) {","        /*","         * this function will test buildTest's default handling-behavior","         */","            options = {};","            local.buildTest(options, onError);","        };","","        local.testCase_webpage_default = local.testCase_webpage_default || function (","            options,","            onError","        ) {","        /*","         * this function will test webpage's default handling-behavior","         */","            options = { modeCoverageMerge: true, url: local.serverLocalHost + '?modeTest=1' };","            local.browserTest(options, onError);","        };","","        // run test-server","        local.testRunServer(local);","        break;","    }","}());",""],"l":{"12":2,"14":2,"19":2,"21":2,"23":2,"24":2,"25":2,"30":1,"37":2,"40":2,"43":1,"47":1,"50":1,"52":1,"55":2,"61":2,"62":2,"64":2,"70":1,"76":1,"82":2,"83":2,"85":2,"91":1,"98":1,"102":1,"105":1,"112":1,"119":1,"120":1,"123":1,"130":1,"131":1,"132":1,"133":1,"134":1,"135":1,"138":1,"143":2,"144":2,"147":1,"154":2,"155":2,"158":1,"165":2,"166":2,"169":1,"176":2,"177":2,"180":1,"187":1,"188":1,"192":1,"193":1}},"/home/travis/build/npmtest/node-npmtest-nlf/lib.npmtest_nlf.js":{"path":"/home/travis/build/npmtest/node-npmtest-nlf/lib.npmtest_nlf.js","s":{"1":2,"2":2,"3":2,"4":2,"5":2,"6":2,"7":2,"8":1,"9":2,"10":2,"11":2,"12":2,"13":1,"14":1,"15":1,"16":1},"b":{"1":[2,1,1,1],"2":[1,1,1,1],"3":[1,1],"4":[2,2],"5":[1,1]},"f":{"1":2,"2":2,"3":2},"fnMap":{"1":{"name":"(anonymous_1)","line":12,"loc":{"start":{"line":12,"column":1},"end":{"line":12,"column":13}}},"2":{"name":"(anonymous_2)","line":19,"loc":{"start":{"line":19,"column":5},"end":{"line":19,"column":17}}},"3":{"name":"(anonymous_3)","line":23,"loc":{"start":{"line":23,"column":24},"end":{"line":23,"column":36}}}},"statementMap":{"1":{"start":{"line":12,"column":0},"end":{"line":53,"column":5}},"2":{"start":{"line":14,"column":4},"end":{"line":14,"column":14}},"3":{"start":{"line":19,"column":4},"end":{"line":52,"column":9}},"4":{"start":{"line":21,"column":8},"end":{"line":21,"column":19}},"5":{"start":{"line":23,"column":8},"end":{"line":35,"column":13}},"6":{"start":{"line":24,"column":12},"end":{"line":34,"column":13}},"7":{"start":{"line":25,"column":16},"end":{"line":28,"column":30}},"8":{"start":{"line":30,"column":16},"end":{"line":33,"column":27}},"9":{"start":{"line":37,"column":8},"end":{"line":39,"column":21}},"10":{"start":{"line":41,"column":8},"end":{"line":41,"column":54}},"11":{"start":{"line":43,"column":8},"end":{"line":43,"column":48}},"12":{"start":{"line":45,"column":8},"end":{"line":51,"column":9}},"13":{"start":{"line":46,"column":12},"end":{"line":46,"column":54}},"14":{"start":{"line":48,"column":12},"end":{"line":48,"column":35}},"15":{"start":{"line":49,"column":12},"end":{"line":49,"column":49}},"16":{"start":{"line":50,"column":12},"end":{"line":50,"column":43}}},"branchMap":{"1":{"line":25,"type":"binary-expr","locations":[{"start":{"line":25,"column":23},"end":{"line":25,"column":62}},{"start":{"line":26,"column":20},"end":{"line":26,"column":70}},{"start":{"line":27,"column":20},"end":{"line":27,"column":71}},{"start":{"line":28,"column":20},"end":{"line":28,"column":29}}]},"2":{"line":30,"type":"binary-expr","locations":[{"start":{"line":30,"column":23},"end":{"line":30,"column":37}},{"start":{"line":31,"column":20},"end":{"line":31,"column":61}},{"start":{"line":32,"column":20},"end":{"line":32,"column":70}},{"start":{"line":33,"column":20},"end":{"line":33,"column":26}}]},"3":{"line":37,"type":"cond-expr","locations":[{"start":{"line":38,"column":14},"end":{"line":38,"column":20}},{"start":{"line":39,"column":14},"end":{"line":39,"column":20}}]},"4":{"line":41,"type":"binary-expr","locations":[{"start":{"line":41,"column":16},"end":{"line":41,"column":44}},{"start":{"line":41,"column":48},"end":{"line":41,"column":53}}]},"5":{"line":45,"type":"if","locations":[{"start":{"line":45,"column":8},"end":{"line":45,"column":8}},{"start":{"line":45,"column":8},"end":{"line":45,"column":8}}]}},"code":["/* istanbul instrument in package npmtest_nlf */","/*jslint","    bitwise: true,","    browser: true,","    maxerr: 8,","    maxlen: 96,","    node: true,","    nomen: true,","    regexp: true,","    stupid: true","*/","(function () {","    'use strict';","    var local;","","","","    // run shared js-env code - pre-init","    (function () {","        // init local","        local = {};","        // init modeJs","        local.modeJs = (function () {","            try {","                return typeof navigator.userAgent === 'string' &&","                    typeof document.querySelector('body') === 'object' &&","                    typeof XMLHttpRequest.prototype.open === 'function' &&","                    'browser';","            } catch (errorCaughtBrowser) {","                return module.exports &&","                    typeof process.versions.node === 'string' &&","                    typeof require('http').createServer === 'function' &&","                    'node';","            }","        }());","        // init global","        local.global = local.modeJs === 'browser'","            ? window","            : global;","        // init utility2_rollup","        local = local.global.utility2_rollup || local;","        // init lib","        local.local = local.npmtest_nlf = local;","        // init exports","        if (local.modeJs === 'browser') {","            local.global.utility2_npmtest_nlf = local;","        } else {","            module.exports = local;","            module.exports.__dirname = __dirname;","            module.exports.module = module;","        }","    }());","}());",""],"l":{"12":2,"14":2,"19":2,"21":2,"23":2,"24":2,"25":2,"30":1,"37":2,"41":2,"43":2,"45":2,"46":1,"48":1,"49":1,"50":1}},"/home/travis/build/npmtest/node-npmtest-nlf/example.js":{"path":"/home/travis/build/npmtest/node-npmtest-nlf/example.js","s":{"1":2,"2":2,"3":2,"4":2,"5":2,"6":2,"7":2,"8":1,"9":2,"10":2,"11":2,"12":2,"13":1,"14":2,"15":2,"16":2,"17":2,"18":2,"19":0,"20":2,"21":1,"22":1,"23":1,"24":1,"25":1,"26":0,"27":0,"28":1,"29":1,"30":2,"31":0,"32":0,"33":0,"34":1,"35":2,"36":2,"37":3,"38":3,"39":3,"40":3,"41":0,"42":3,"43":3,"44":3,"45":1,"46":3,"47":1,"48":1,"49":1,"50":1,"51":1,"52":1,"53":1,"54":1,"55":1,"56":1,"57":0,"58":1,"59":6,"60":6,"61":1,"62":2,"63":0,"64":2,"65":1,"66":1,"67":0,"68":0,"69":0,"70":0,"71":0,"72":0,"73":0,"74":0,"75":0,"76":0,"77":0,"78":0,"79":0,"80":0,"81":0,"82":0,"83":0},"b":{"1":[2,1,1,1],"2":[1,1,1,1],"3":[1,1],"4":[2,2],"5":[1,1],"6":[1,1],"7":[2,0],"8":[2,1,1,1,1,1],"9":[0,2,0],"10":[1,1],"11":[2,1,1],"12":[1,0],"13":[0,2],"14":[2,0,0,0,0,0,0],"15":[0,3],"16":[3,0],"17":[1,1],"18":[0,1],"19":[1,2,0,2],"20":[1,0],"21":[1,1],"22":[0,0],"23":[0,0],"24":[0,0],"25":[0,0],"26":[0,0],"27":[0,0],"28":[0,0]},"f":{"1":2,"2":2,"3":2,"4":2,"5":2,"6":2,"7":3,"8":3,"9":3,"10":1,"11":6,"12":0},"fnMap":{"1":{"name":"(anonymous_1)","line":26,"loc":{"start":{"line":26,"column":1},"end":{"line":26,"column":13}}},"2":{"name":"(anonymous_2)","line":33,"loc":{"start":{"line":33,"column":5},"end":{"line":33,"column":17}}},"3":{"name":"(anonymous_3)","line":37,"loc":{"start":{"line":37,"column":24},"end":{"line":37,"column":36}}},"4":{"name":"(anonymous_4)","line":69,"loc":{"start":{"line":69,"column":31},"end":{"line":69,"column":48}},"skip":true},"5":{"name":"(anonymous_5)","line":78,"loc":{"start":{"line":78,"column":26},"end":{"line":78,"column":45}},"skip":true},"6":{"name":"(anonymous_6)","line":123,"loc":{"start":{"line":123,"column":33},"end":{"line":123,"column":48}},"skip":true},"7":{"name":"(anonymous_7)","line":125,"loc":{"start":{"line":125,"column":27},"end":{"line":125,"column":39}},"skip":true},"8":{"name":"(anonymous_8)","line":133,"loc":{"start":{"line":133,"column":59},"end":{"line":133,"column":74}},"skip":true},"9":{"name":"(anonymous_9)","line":143,"loc":{"start":{"line":143,"column":45},"end":{"line":143,"column":62}},"skip":true},"10":{"name":"(anonymous_10)","line":144,"loc":{"start":{"line":144,"column":73},"end":{"line":144,"column":92}},"skip":true},"11":{"name":"(anonymous_11)","line":272,"loc":{"start":{"line":272,"column":51},"end":{"line":272,"column":77}},"skip":true},"12":{"name":"(anonymous_12)","line":315,"loc":{"start":{"line":315,"column":32},"end":{"line":315,"column":61}},"skip":true}},"statementMap":{"1":{"start":{"line":26,"column":0},"end":{"line":326,"column":5}},"2":{"start":{"line":28,"column":4},"end":{"line":28,"column":14}},"3":{"start":{"line":33,"column":4},"end":{"line":60,"column":9}},"4":{"start":{"line":35,"column":8},"end":{"line":35,"column":19}},"5":{"start":{"line":37,"column":8},"end":{"line":49,"column":13}},"6":{"start":{"line":38,"column":12},"end":{"line":48,"column":13}},"7":{"start":{"line":39,"column":16},"end":{"line":42,"column":30}},"8":{"start":{"line":44,"column":16},"end":{"line":47,"column":27}},"9":{"start":{"line":51,"column":8},"end":{"line":53,"column":21}},"10":{"start":{"line":55,"column":8},"end":{"line":57,"column":45}},"11":{"start":{"line":59,"column":8},"end":{"line":59,"column":35}},"12":{"start":{"line":61,"column":4},"end":{"line":325,"column":5}},"13":{"start":{"line":69,"column":8},"end":{"line":121,"column":10},"skip":true},"14":{"start":{"line":70,"column":12},"end":{"line":88,"column":13},"skip":true},"15":{"start":{"line":76,"column":16},"end":{"line":87,"column":19},"skip":true},"16":{"start":{"line":79,"column":20},"end":{"line":86,"column":21},"skip":true},"17":{"start":{"line":82,"column":24},"end":{"line":82,"column":43},"skip":true},"18":{"start":{"line":83,"column":24},"end":{"line":83,"column":30},"skip":true},"19":{"start":{"line":85,"column":24},"end":{"line":85,"column":49},"skip":true},"20":{"start":{"line":89,"column":12},"end":{"line":107,"column":13},"skip":true},"21":{"start":{"line":92,"column":16},"end":{"line":102,"column":17},"skip":true},"22":{"start":{"line":93,"column":20},"end":{"line":93,"column":86},"skip":true},"23":{"start":{"line":94,"column":20},"end":{"line":95,"column":45},"skip":true},"24":{"start":{"line":96,"column":20},"end":{"line":96,"column":42},"skip":true},"25":{"start":{"line":97,"column":20},"end":{"line":97,"column":48},"skip":true},"26":{"start":{"line":100,"column":20},"end":{"line":100,"column":85},"skip":true},"27":{"start":{"line":101,"column":20},"end":{"line":101,"column":96},"skip":true},"28":{"start":{"line":103,"column":16},"end":{"line":103,"column":22},"skip":true},"29":{"start":{"line":106,"column":16},"end":{"line":106,"column":22},"skip":true},"30":{"start":{"line":108,"column":12},"end":{"line":120,"column":13},"skip":true},"31":{"start":{"line":114,"column":16},"end":{"line":119,"column":17},"skip":true},"32":{"start":{"line":116,"column":20},"end":{"line":116,"column":78},"skip":true},"33":{"start":{"line":118,"column":20},"end":{"line":118,"column":47},"skip":true},"34":{"start":{"line":123,"column":8},"end":{"line":141,"column":11},"skip":true},"35":{"start":{"line":124,"column":12},"end":{"line":124,"column":54},"skip":true},"36":{"start":{"line":125,"column":12},"end":{"line":140,"column":14},"skip":true},"37":{"start":{"line":126,"column":16},"end":{"line":126,"column":28},"skip":true},"38":{"start":{"line":127,"column":16},"end":{"line":127,"column":69},"skip":true},"39":{"start":{"line":128,"column":16},"end":{"line":128,"column":75},"skip":true},"40":{"start":{"line":129,"column":16},"end":{"line":131,"column":17},"skip":true},"41":{"start":{"line":130,"column":20},"end":{"line":130,"column":27},"skip":true},"42":{"start":{"line":133,"column":16},"end":{"line":137,"column":36},"skip":true},"43":{"start":{"line":134,"column":20},"end":{"line":136,"column":55},"skip":true},"44":{"start":{"line":139,"column":16},"end":{"line":139,"column":57},"skip":true},"45":{"start":{"line":143,"column":8},"end":{"line":147,"column":11},"skip":true},"46":{"start":{"line":144,"column":12},"end":{"line":146,"column":15},"skip":true},"47":{"start":{"line":145,"column":16},"end":{"line":145,"column":70},"skip":true},"48":{"start":{"line":149,"column":8},"end":{"line":149,"column":31},"skip":true},"49":{"start":{"line":150,"column":8},"end":{"line":150,"column":14},"skip":true},"50":{"start":{"line":158,"column":8},"end":{"line":158,"column":31},"skip":true},"51":{"start":{"line":160,"column":8},"end":{"line":160,"column":33},"skip":true},"52":{"start":{"line":161,"column":8},"end":{"line":161,"column":37},"skip":true},"53":{"start":{"line":162,"column":8},"end":{"line":162,"column":35},"skip":true},"54":{"start":{"line":164,"column":8},"end":{"line":164,"column":50},"skip":true},"55":{"start":{"line":166,"column":8},"end":{"line":256,"column":2},"skip":true},"56":{"start":{"line":258,"column":8},"end":{"line":286,"column":9},"skip":true},"57":{"start":{"line":259,"column":12},"end":{"line":269,"column":14},"skip":true},"58":{"start":{"line":271,"column":12},"end":{"line":285,"column":19},"skip":true},"59":{"start":{"line":274,"column":20},"end":{"line":274,"column":35},"skip":true},"60":{"start":{"line":275,"column":20},"end":{"line":284,"column":21},"skip":true},"61":{"start":{"line":277,"column":24},"end":{"line":277,"column":64},"skip":true},"62":{"start":{"line":279,"column":24},"end":{"line":279,"column":40},"skip":true},"63":{"start":{"line":281,"column":24},"end":{"line":281,"column":40},"skip":true},"64":{"start":{"line":283,"column":24},"end":{"line":283,"column":39},"skip":true},"65":{"start":{"line":288,"column":8},"end":{"line":290,"column":9},"skip":true},"66":{"start":{"line":289,"column":12},"end":{"line":289,"column":18},"skip":true},"67":{"start":{"line":291,"column":8},"end":{"line":293,"column":54},"skip":true},"68":{"start":{"line":296,"column":8},"end":{"line":301,"column":37},"skip":true},"69":{"start":{"line":303,"column":8},"end":{"line":303,"column":82},"skip":true},"70":{"start":{"line":306,"column":8},"end":{"line":308,"column":9},"skip":true},"71":{"start":{"line":307,"column":12},"end":{"line":307,"column":82},"skip":true},"72":{"start":{"line":310,"column":8},"end":{"line":312,"column":9},"skip":true},"73":{"start":{"line":311,"column":12},"end":{"line":311,"column":18},"skip":true},"74":{"start":{"line":313,"column":8},"end":{"line":313,"column":54},"skip":true},"75":{"start":{"line":314,"column":8},"end":{"line":314,"column":69},"skip":true},"76":{"start":{"line":315,"column":8},"end":{"line":323,"column":36},"skip":true},"77":{"start":{"line":316,"column":12},"end":{"line":316,"column":61},"skip":true},"78":{"start":{"line":317,"column":12},"end":{"line":320,"column":13},"skip":true},"79":{"start":{"line":318,"column":16},"end":{"line":318,"column":75},"skip":true},"80":{"start":{"line":319,"column":16},"end":{"line":319,"column":23},"skip":true},"81":{"start":{"line":321,"column":12},"end":{"line":321,"column":38},"skip":true},"82":{"start":{"line":322,"column":12},"end":{"line":322,"column":27},"skip":true},"83":{"start":{"line":324,"column":8},"end":{"line":324,"column":14},"skip":true}},"branchMap":{"1":{"line":39,"type":"binary-expr","locations":[{"start":{"line":39,"column":23},"end":{"line":39,"column":62}},{"start":{"line":40,"column":20},"end":{"line":40,"column":70}},{"start":{"line":41,"column":20},"end":{"line":41,"column":71}},{"start":{"line":42,"column":20},"end":{"line":42,"column":29}}]},"2":{"line":44,"type":"binary-expr","locations":[{"start":{"line":44,"column":23},"end":{"line":44,"column":37}},{"start":{"line":45,"column":20},"end":{"line":45,"column":61}},{"start":{"line":46,"column":20},"end":{"line":46,"column":70}},{"start":{"line":47,"column":20},"end":{"line":47,"column":26}}]},"3":{"line":51,"type":"cond-expr","locations":[{"start":{"line":52,"column":14},"end":{"line":52,"column":20}},{"start":{"line":53,"column":14},"end":{"line":53,"column":20}}]},"4":{"line":55,"type":"binary-expr","locations":[{"start":{"line":55,"column":16},"end":{"line":55,"column":44}},{"start":{"line":55,"column":49},"end":{"line":57,"column":43}}]},"5":{"line":55,"type":"cond-expr","locations":[{"start":{"line":56,"column":14},"end":{"line":56,"column":47}},{"start":{"line":57,"column":14},"end":{"line":57,"column":43}}]},"6":{"line":61,"type":"switch","locations":[{"start":{"line":68,"column":4},"end":{"line":150,"column":14},"skip":true},{"start":{"line":156,"column":4},"end":{"line":324,"column":14},"skip":true}]},"7":{"line":70,"type":"if","locations":[{"start":{"line":70,"column":12},"end":{"line":70,"column":12},"skip":true},{"start":{"line":70,"column":12},"end":{"line":70,"column":12},"skip":true}]},"8":{"line":70,"type":"binary-expr","locations":[{"start":{"line":70,"column":16},"end":{"line":70,"column":22},"skip":true},{"start":{"line":70,"column":27},"end":{"line":70,"column":32},"skip":true},{"start":{"line":71,"column":20},"end":{"line":71,"column":39},"skip":true},{"start":{"line":72,"column":20},"end":{"line":72,"column":49},"skip":true},{"start":{"line":73,"column":20},"end":{"line":73,"column":58},"skip":true},{"start":{"line":74,"column":20},"end":{"line":74,"column":69},"skip":true}]},"9":{"line":79,"type":"switch","locations":[{"start":{"line":80,"column":20},"end":{"line":80,"column":33},"skip":true},{"start":{"line":81,"column":20},"end":{"line":83,"column":30},"skip":true},{"start":{"line":84,"column":20},"end":{"line":85,"column":49},"skip":true}]},"10":{"line":89,"type":"switch","locations":[{"start":{"line":90,"column":12},"end":{"line":103,"column":22},"skip":true},{"start":{"line":105,"column":12},"end":{"line":106,"column":22},"skip":true}]},"11":{"line":89,"type":"binary-expr","locations":[{"start":{"line":89,"column":20},"end":{"line":89,"column":25},"skip":true},{"start":{"line":89,"column":29},"end":{"line":89,"column":48},"skip":true},{"start":{"line":89,"column":52},"end":{"line":89,"column":74},"skip":true}]},"12":{"line":92,"type":"if","locations":[{"start":{"line":92,"column":16},"end":{"line":92,"column":16},"skip":true},{"start":{"line":92,"column":16},"end":{"line":92,"column":16},"skip":true}]},"13":{"line":108,"type":"if","locations":[{"start":{"line":108,"column":12},"end":{"line":108,"column":12},"skip":true},{"start":{"line":108,"column":12},"end":{"line":108,"column":12},"skip":true}]},"14":{"line":108,"type":"binary-expr","locations":[{"start":{"line":108,"column":16},"end":{"line":108,"column":61},"skip":true},{"start":{"line":108,"column":66},"end":{"line":108,"column":72},"skip":true},{"start":{"line":108,"column":77},"end":{"line":108,"column":82},"skip":true},{"start":{"line":109,"column":20},"end":{"line":109,"column":39},"skip":true},{"start":{"line":110,"column":20},"end":{"line":110,"column":49},"skip":true},{"start":{"line":111,"column":20},"end":{"line":111,"column":58},"skip":true},{"start":{"line":112,"column":20},"end":{"line":112,"column":68},"skip":true}]},"15":{"line":129,"type":"if","locations":[{"start":{"line":129,"column":16},"end":{"line":129,"column":16},"skip":true},{"start":{"line":129,"column":16},"end":{"line":129,"column":16},"skip":true}]},"16":{"line":134,"type":"cond-expr","locations":[{"start":{"line":135,"column":26},"end":{"line":135,"column":29},"skip":true},{"start":{"line":136,"column":26},"end":{"line":136,"column":54},"skip":true}]},"17":{"line":164,"type":"binary-expr","locations":[{"start":{"line":164,"column":27},"end":{"line":164,"column":43},"skip":true},{"start":{"line":164,"column":47},"end":{"line":164,"column":49},"skip":true}]},"18":{"line":258,"type":"if","locations":[{"start":{"line":258,"column":8},"end":{"line":258,"column":8},"skip":true},{"start":{"line":258,"column":8},"end":{"line":258,"column":8},"skip":true}]},"19":{"line":275,"type":"switch","locations":[{"start":{"line":276,"column":20},"end":{"line":277,"column":64},"skip":true},{"start":{"line":278,"column":20},"end":{"line":279,"column":40},"skip":true},{"start":{"line":280,"column":20},"end":{"line":281,"column":40},"skip":true},{"start":{"line":282,"column":20},"end":{"line":283,"column":39},"skip":true}]},"20":{"line":288,"type":"if","locations":[{"start":{"line":288,"column":8},"end":{"line":288,"column":8},"skip":true},{"start":{"line":288,"column":8},"end":{"line":288,"column":8},"skip":true}]},"21":{"line":288,"type":"binary-expr","locations":[{"start":{"line":288,"column":12},"end":{"line":288,"column":40},"skip":true},{"start":{"line":288,"column":44},"end":{"line":288,"column":67},"skip":true}]},"22":{"line":292,"type":"binary-expr","locations":[{"start":{"line":292,"column":12},"end":{"line":292,"column":50},"skip":true},{"start":{"line":293,"column":12},"end":{"line":293,"column":53},"skip":true}]},"23":{"line":297,"type":"binary-expr","locations":[{"start":{"line":297,"column":12},"end":{"line":297,"column":61},"skip":true},{"start":{"line":298,"column":12},"end":{"line":301,"column":36},"skip":true}]},"24":{"line":303,"type":"binary-expr","locations":[{"start":{"line":303,"column":43},"end":{"line":303,"column":75},"skip":true},{"start":{"line":303,"column":79},"end":{"line":303,"column":81},"skip":true}]},"25":{"line":306,"type":"if","locations":[{"start":{"line":306,"column":8},"end":{"line":306,"column":8},"skip":true},{"start":{"line":306,"column":8},"end":{"line":306,"column":8},"skip":true}]},"26":{"line":310,"type":"if","locations":[{"start":{"line":310,"column":8},"end":{"line":310,"column":8},"skip":true},{"start":{"line":310,"column":8},"end":{"line":310,"column":8},"skip":true}]},"27":{"line":313,"type":"binary-expr","locations":[{"start":{"line":313,"column":27},"end":{"line":313,"column":43},"skip":true},{"start":{"line":313,"column":47},"end":{"line":313,"column":53},"skip":true}]},"28":{"line":317,"type":"if","locations":[{"start":{"line":317,"column":12},"end":{"line":317,"column":12},"skip":true},{"start":{"line":317,"column":12},"end":{"line":317,"column":12},"skip":true}]}},"code":["/*","example.js","","quickstart example","","instruction","    1. save this script as example.js","    2. run the shell command:","        $ npm install npmtest-nlf && PORT=8081 node example.js","    3. play with the browser-demo on http://127.0.0.1:8081","*/","","","","/* istanbul instrument in package npmtest_nlf */","/*jslint","    bitwise: true,","    browser: true,","    maxerr: 8,","    maxlen: 96,","    node: true,","    nomen: true,","    regexp: true,","    stupid: true","*/","(function () {","    'use strict';","    var local;","","","","    // run shared js-env code - pre-init","    (function () {","        // init local","        local = {};","        // init modeJs","        local.modeJs = (function () {","            try {","                return typeof navigator.userAgent === 'string' &&","                    typeof document.querySelector('body') === 'object' &&","                    typeof XMLHttpRequest.prototype.open === 'function' &&","                    'browser';","            } catch (errorCaughtBrowser) {","                return module.exports &&","                    typeof process.versions.node === 'string' &&","                    typeof require('http').createServer === 'function' &&","                    'node';","            }","        }());","        // init global","        local.global = local.modeJs === 'browser'","            ? window","            : global;","        // init utility2_rollup","        local = local.global.utility2_rollup || (local.modeJs === 'browser'","            ? local.global.utility2_npmtest_nlf","            : global.utility2_moduleExports);","        // export local","        local.global.local = local;","    }());","    switch (local.modeJs) {","","","","    // post-init","    // run browser js-env code - post-init","    /* istanbul ignore next */","    case 'browser':","        local.testRunBrowser = function (event) {","            if (!event || (event &&","                    event.currentTarget &&","                    event.currentTarget.className &&","                    event.currentTarget.className.includes &&","                    event.currentTarget.className.includes('onreset'))) {","                // reset output","                Array.from(","                    document.querySelectorAll('body > .resettable')","                ).forEach(function (element) {","                    switch (element.tagName) {","                    case 'INPUT':","                    case 'TEXTAREA':","                        element.value = '';","                        break;","                    default:","                        element.textContent = '';","                    }","                });","            }","            switch (event && event.currentTarget && event.currentTarget.id) {","            case 'testRunButton1':","                // show tests","                if (document.querySelector('#testReportDiv1').style.display === 'none') {","                    document.querySelector('#testReportDiv1').style.display = 'block';","                    document.querySelector('#testRunButton1').textContent =","                        'hide internal test';","                    local.modeTest = true;","                    local.testRunDefault(local);","                // hide tests","                } else {","                    document.querySelector('#testReportDiv1').style.display = 'none';","                    document.querySelector('#testRunButton1').textContent = 'run internal test';","                }","                break;","            // custom-case","            default:","                break;","            }","            if (document.querySelector('#inputTextareaEval1') && (!event || (event &&","                    event.currentTarget &&","                    event.currentTarget.className &&","                    event.currentTarget.className.includes &&","                    event.currentTarget.className.includes('oneval')))) {","                // try to eval input-code","                try {","                    /*jslint evil: true*/","                    eval(document.querySelector('#inputTextareaEval1').value);","                } catch (errorCaught) {","                    console.error(errorCaught);","                }","            }","        };","        // log stderr and stdout to #outputTextareaStdout1","        ['error', 'log'].forEach(function (key) {","            console[key + '_original'] = console[key];","            console[key] = function () {","                var element;","                console[key + '_original'].apply(console, arguments);","                element = document.querySelector('#outputTextareaStdout1');","                if (!element) {","                    return;","                }","                // append text to #outputTextareaStdout1","                element.value += Array.from(arguments).map(function (arg) {","                    return typeof arg === 'string'","                        ? arg","                        : JSON.stringify(arg, null, 4);","                }).join(' ') + '\\n';","                // scroll textarea to bottom","                element.scrollTop = element.scrollHeight;","            };","        });","        // init event-handling","        ['change', 'click', 'keyup'].forEach(function (event) {","            Array.from(document.querySelectorAll('.on' + event)).forEach(function (element) {","                element.addEventListener(event, local.testRunBrowser);","            });","        });","        // run tests","        local.testRunBrowser();","        break;","","","","    // run node js-env code - post-init","    /* istanbul ignore next */","    case 'node':","        // export local","        module.exports = local;","        // require modules","        local.fs = require('fs');","        local.http = require('http');","        local.url = require('url');","        // init assets","        local.assetsDict = local.assetsDict || {};","        /* jslint-ignore-begin */","        local.assetsDict['/assets.index.template.html'] = '\\","<!doctype html>\\n\\","<html lang=\"en\">\\n\\","<head>\\n\\","<meta charset=\"UTF-8\">\\n\\","<meta name=\"viewport\" content=\"width=device-width, initial-scale=1\">\\n\\","<title>{{env.npm_package_name}} (v{{env.npm_package_version}})</title>\\n\\","<style>\\n\\","/*csslint\\n\\","    box-sizing: false,\\n\\","    universal-selector: false\\n\\","*/\\n\\","* {\\n\\","    box-sizing: border-box;\\n\\","}\\n\\","body {\\n\\","    background: #dde;\\n\\","    font-family: Arial, Helvetica, sans-serif;\\n\\","    margin: 2rem;\\n\\","}\\n\\","body > * {\\n\\","    margin-bottom: 1rem;\\n\\","}\\n\\",".utility2FooterDiv {\\n\\","    margin-top: 20px;\\n\\","    text-align: center;\\n\\","}\\n\\","</style>\\n\\","<style>\\n\\","/*csslint\\n\\","*/\\n\\","textarea {\\n\\","    font-family: monospace;\\n\\","    height: 10rem;\\n\\","    width: 100%;\\n\\","}\\n\\","textarea[readonly] {\\n\\","    background: #ddd;\\n\\","}\\n\\","</style>\\n\\","</head>\\n\\","<body>\\n\\","<!-- utility2-comment\\n\\","<div id=\"ajaxProgressDiv1\" style=\"background: #d00; height: 2px; left: 0; margin: 0; padding: 0; position: fixed; top: 0; transition: background 0.5s, width 1.5s; width: 25%;\"></div>\\n\\","utility2-comment -->\\n\\","<h1>\\n\\","<!-- utility2-comment\\n\\","    <a\\n\\","        {{#if env.npm_package_homepage}}\\n\\","        href=\"{{env.npm_package_homepage}}\"\\n\\","        {{/if env.npm_package_homepage}}\\n\\","        target=\"_blank\"\\n\\","    >\\n\\","utility2-comment -->\\n\\","        {{env.npm_package_name}} (v{{env.npm_package_version}})\\n\\","<!-- utility2-comment\\n\\","    </a>\\n\\","utility2-comment -->\\n\\","</h1>\\n\\","<h3>{{env.npm_package_description}}</h3>\\n\\","<!-- utility2-comment\\n\\","<h4><a download href=\"assets.app.js\">download standalone app</a></h4>\\n\\","<button class=\"onclick onreset\" id=\"testRunButton1\">run internal test</button><br>\\n\\","<div id=\"testReportDiv1\" style=\"display: none;\"></div>\\n\\","utility2-comment -->\\n\\","\\n\\","\\n\\","\\n\\","<label>stderr and stdout</label>\\n\\","<textarea class=\"resettable\" id=\"outputTextareaStdout1\" readonly></textarea>\\n\\","<!-- utility2-comment\\n\\","{{#if isRollup}}\\n\\","<script src=\"assets.app.js\"></script>\\n\\","{{#unless isRollup}}\\n\\","utility2-comment -->\\n\\","<script src=\"assets.utility2.rollup.js\"></script>\\n\\","<script src=\"jsonp.utility2._stateInit?callback=window.utility2._stateInit\"></script>\\n\\","<script src=\"assets.npmtest_nlf.rollup.js\"></script>\\n\\","<script src=\"assets.example.js\"></script>\\n\\","<script src=\"assets.test.js\"></script>\\n\\","<!-- utility2-comment\\n\\","{{/if isRollup}}\\n\\","utility2-comment -->\\n\\","<div class=\"utility2FooterDiv\">\\n\\","    [ this app was created with\\n\\","    <a href=\"https://github.com/kaizhu256/node-utility2\" target=\"_blank\">utility2</a>\\n\\","    ]\\n\\","</div>\\n\\","</body>\\n\\","</html>\\n\\","';","        /* jslint-ignore-end */","        if (local.templateRender) {","            local.assetsDict['/'] = local.templateRender(","                local.assetsDict['/assets.index.template.html'],","                {","                    env: local.objectSetDefault(local.env, {","                        npm_package_description: 'the greatest app in the world!',","                        npm_package_name: 'my-app',","                        npm_package_nameAlias: 'my_app',","                        npm_package_version: '0.0.1'","                    })","                }","            );","        } else {","            local.assetsDict['/'] = local.assetsDict['/assets.index.template.html']","                .replace((/\\{\\{env\\.(\\w+?)\\}\\}/g), function (match0, match1) {","                    // jslint-hack","                    String(match0);","                    switch (match1) {","                    case 'npm_package_description':","                        return 'the greatest app in the world!';","                    case 'npm_package_name':","                        return 'my-app';","                    case 'npm_package_nameAlias':","                        return 'my_app';","                    case 'npm_package_version':","                        return '0.0.1';","                    }","                });","        }","        // run the cli","        if (local.global.utility2_rollup || module !== require.main) {","            break;","        }","        local.assetsDict['/assets.example.js'] =","            local.assetsDict['/assets.example.js'] ||","            local.fs.readFileSync(__filename, 'utf8');","        // bug-workaround - long $npm_package_buildCustomOrg","        /* jslint-ignore-begin */","        local.assetsDict['/assets.npmtest_nlf.rollup.js'] =","            local.assetsDict['/assets.npmtest_nlf.rollup.js'] ||","            local.fs.readFileSync(","                local.npmtest_nlf.__dirname + '/lib.npmtest_nlf.js',","                'utf8'","            ).replace((/^#!/), '//');","        /* jslint-ignore-end */","        local.assetsDict['/favicon.ico'] = local.assetsDict['/favicon.ico'] || '';","        // if $npm_config_timeout_exit exists,","        // then exit this process after $npm_config_timeout_exit ms","        if (Number(process.env.npm_config_timeout_exit)) {","            setTimeout(process.exit, Number(process.env.npm_config_timeout_exit));","        }","        // start server","        if (local.global.utility2_serverHttp1) {","            break;","        }","        process.env.PORT = process.env.PORT || '8081';","        console.error('server starting on port ' + process.env.PORT);","        local.http.createServer(function (request, response) {","            request.urlParsed = local.url.parse(request.url);","            if (local.assetsDict[request.urlParsed.pathname] !== undefined) {","                response.end(local.assetsDict[request.urlParsed.pathname]);","                return;","            }","            response.statusCode = 404;","            response.end();","        }).listen(process.env.PORT);","        break;","    }","}());",""],"l":{"26":2,"28":2,"33":2,"35":2,"37":2,"38":2,"39":2,"44":1,"51":2,"55":2,"59":2,"61":2,"69":1,"70":2,"76":2,"79":2,"82":2,"83":2,"85":1,"89":2,"92":1,"93":1,"94":1,"96":1,"97":1,"100":1,"101":1,"103":1,"106":1,"108":2,"114":1,"116":1,"118":1,"123":1,"124":2,"125":2,"126":3,"127":3,"128":3,"129":3,"130":1,"133":3,"134":3,"139":3,"143":1,"144":3,"145":1,"149":1,"150":1,"158":1,"160":1,"161":1,"162":1,"164":1,"166":1,"258":1,"259":1,"271":1,"274":6,"275":6,"277":1,"279":2,"281":1,"283":2,"288":1,"289":1,"291":1,"296":1,"303":1,"306":1,"307":1,"310":1,"311":1,"313":1,"314":1,"315":1,"316":1,"317":1,"318":1,"319":1,"321":1,"322":1,"324":1}},"/home/travis/build/npmtest/node-npmtest-nlf/node_modules/nlf/index.js":{"path":"/home/travis/build/npmtest/node-npmtest-nlf/node_modules/nlf/index.js","s":{"1":1},"b":{"1":[0,1]},"f":{},"fnMap":{},"statementMap":{"1":{"start":{"line":1,"column":0},"end":{"line":3,"column":24}}},"branchMap":{"1":{"line":1,"type":"cond-expr","locations":[{"start":{"line":2,"column":3},"end":{"line":2,"column":27}},{"start":{"line":3,"column":3},"end":{"line":3,"column":23}}]}},"code":["module.exports = process.env.NLF_COV","\t? require('./lib-cov/nlf')","\t: require('./lib/nlf');",""],"l":{"1":1}},"/home/travis/build/npmtest/node-npmtest-nlf/node_modules/nlf/lib/nlf.js":{"path":"/home/travis/build/npmtest/node-npmtest-nlf/node_modules/nlf/lib/nlf.js","s":{"1":1,"2":1,"3":1,"4":1,"5":1,"6":1,"7":1,"8":1,"9":1,"10":1,"11":1,"12":1,"13":1,"14":0,"15":0,"16":0,"17":0,"18":0,"19":0,"20":0,"21":0,"22":0,"23":0,"24":1,"25":1,"26":1,"27":87,"28":0,"29":87,"30":42,"31":42,"32":42,"33":42,"34":42,"35":0,"36":42,"37":42,"38":42,"39":86,"40":86,"41":86,"42":0,"43":0,"44":42,"45":1,"46":1,"47":84,"48":84,"49":0,"50":84,"51":84,"52":54,"53":84,"54":84,"55":1,"56":84,"57":0,"58":84,"59":0,"60":84,"61":84,"62":0,"63":84,"64":84,"65":92,"66":92,"67":92,"68":91,"69":84,"70":1,"71":84,"72":2,"73":82,"74":1,"75":91,"76":0,"77":91,"78":91,"79":82,"80":82,"81":91,"82":91,"83":91,"84":1,"85":42,"86":42,"87":42,"88":42,"89":0,"90":0,"91":42,"92":0,"93":1,"94":42,"95":0,"96":42,"97":1,"98":42,"99":42,"100":42,"101":42,"102":42,"103":42,"104":42,"105":42,"106":0,"107":42,"108":42,"109":0,"110":42,"111":42,"112":0,"113":42,"114":42,"115":0,"116":42,"117":42,"118":1,"119":1,"120":1,"121":42,"122":42,"123":1,"124":1,"125":1,"126":1,"127":1,"128":0,"129":1,"130":1,"131":1,"132":1,"133":0,"134":1,"135":1,"136":1,"137":1,"138":0,"139":1,"140":0,"141":1,"142":1,"143":1,"144":1,"145":1,"146":1,"147":0,"148":0,"149":0,"150":1,"151":1,"152":0,"153":0,"154":1,"155":1,"156":0,"157":1,"158":0,"159":1,"160":0,"161":1,"162":1,"163":0,"164":0,"165":1,"166":1,"167":0,"168":1,"169":1},"b":{"1":[0,0],"2":[0,0],"3":[0,0],"4":[0,0],"5":[0,0],"6":[0,87],"7":[87,0],"8":[42,45],"9":[0,42],"10":[42,0],"11":[86,0],"12":[86,0],"13":[1,41],"14":[0,84],"15":[0,84],"16":[0,84],"17":[0,84],"18":[91,1],"19":[2,82],"20":[84,84],"21":[0,91],"22":[82,9],"23":[42,0],"24":[42,1],"25":[0,42],"26":[0,42],"27":[42,42],"28":[0,42],"29":[42,42],"30":[42,0],"31":[42,0],"32":[42,0],"33":[42,0],"34":[0,42],"35":[0,42],"36":[0,42],"37":[0,42],"38":[42,0],"39":[1,0],"40":[0,1],"41":[1,0],"42":[0,1],"43":[1,0],"44":[1,1],"45":[1,0],"46":[0,1],"47":[0,1],"48":[0,0],"49":[0,1],"50":[1,0],"51":[0,1],"52":[0,1],"53":[0,1]},"f":{"1":0,"2":1,"3":87,"4":42,"5":84,"6":84,"7":84,"8":84,"9":84,"10":91,"11":42,"12":42,"13":42,"14":42,"15":42,"16":42,"17":42,"18":1,"19":1,"20":1,"21":1,"22":1,"23":0,"24":1,"25":1},"fnMap":{"1":{"name":"isDevDependency","line":32,"loc":{"start":{"line":32,"column":0},"end":{"line":32,"column":37}}},"2":{"name":"parseInstalled","line":67,"loc":{"start":{"line":67,"column":0},"end":{"line":67,"column":49}}},"3":{"name":"parseModuleData","line":79,"loc":{"start":{"line":79,"column":2},"end":{"line":79,"column":47}}},"4":{"name":"(anonymous_4)","line":96,"loc":{"start":{"line":96,"column":28},"end":{"line":96,"column":51}}},"5":{"name":"globIgnoringModules","line":148,"loc":{"start":{"line":148,"column":0},"end":{"line":148,"column":63}}},"6":{"name":"(anonymous_6)","line":154,"loc":{"start":{"line":154,"column":4},"end":{"line":154,"column":27}}},"7":{"name":"findPotentialLicenseFiles","line":185,"loc":{"start":{"line":185,"column":0},"end":{"line":185,"column":65}}},"8":{"name":"(anonymous_8)","line":196,"loc":{"start":{"line":196,"column":41},"end":{"line":196,"column":63}}},"9":{"name":"addFiles","line":228,"loc":{"start":{"line":228,"column":0},"end":{"line":228,"column":51}}},"10":{"name":"checkDone","line":242,"loc":{"start":{"line":242,"column":1},"end":{"line":242,"column":25}}},"11":{"name":"addPackageJson","line":268,"loc":{"start":{"line":268,"column":0},"end":{"line":268,"column":44}}},"12":{"name":"createId","line":296,"loc":{"start":{"line":296,"column":0},"end":{"line":296,"column":30}}},"13":{"name":"createModule","line":311,"loc":{"start":{"line":311,"column":0},"end":{"line":311,"column":44}}},"14":{"name":"(anonymous_14)","line":322,"loc":{"start":{"line":322,"column":2},"end":{"line":322,"column":31}}},"15":{"name":"(anonymous_15)","line":328,"loc":{"start":{"line":328,"column":56},"end":{"line":328,"column":71}}},"16":{"name":"(anonymous_16)","line":336,"loc":{"start":{"line":336,"column":4},"end":{"line":336,"column":32}}},"17":{"name":"(anonymous_17)","line":342,"loc":{"start":{"line":342,"column":56},"end":{"line":342,"column":71}}},"18":{"name":"convertToArray","line":362,"loc":{"start":{"line":362,"column":0},"end":{"line":362,"column":32}}},"19":{"name":"processOptionSummaryMode","line":378,"loc":{"start":{"line":378,"column":0},"end":{"line":378,"column":43}}},"20":{"name":"processOptions","line":392,"loc":{"start":{"line":392,"column":0},"end":{"line":392,"column":33}}},"21":{"name":"fileExistsSync","line":424,"loc":{"start":{"line":424,"column":0},"end":{"line":424,"column":34}}},"22":{"name":"find","line":443,"loc":{"start":{"line":443,"column":0},"end":{"line":443,"column":33}}},"23":{"name":"log","line":463,"loc":{"start":{"line":463,"column":1},"end":{"line":463,"column":31}}},"24":{"name":"(anonymous_24)","line":476,"loc":{"start":{"line":476,"column":4},"end":{"line":476,"column":25}}},"25":{"name":"(anonymous_25)","line":484,"loc":{"start":{"line":484,"column":32},"end":{"line":484,"column":55}}}},"statementMap":{"1":{"start":{"line":13,"column":0},"end":{"line":13,"column":46}},"2":{"start":{"line":14,"column":0},"end":{"line":14,"column":59}},"3":{"start":{"line":15,"column":0},"end":{"line":15,"column":33}},"4":{"start":{"line":16,"column":0},"end":{"line":16,"column":27}},"5":{"start":{"line":17,"column":0},"end":{"line":17,"column":23}},"6":{"start":{"line":18,"column":0},"end":{"line":18,"column":31}},"7":{"start":{"line":19,"column":0},"end":{"line":19,"column":42}},"8":{"start":{"line":20,"column":0},"end":{"line":20,"column":48}},"9":{"start":{"line":21,"column":0},"end":{"line":21,"column":47}},"10":{"start":{"line":22,"column":0},"end":{"line":22,"column":57}},"11":{"start":{"line":23,"column":0},"end":{"line":23,"column":56}},"12":{"start":{"line":24,"column":0},"end":{"line":24,"column":44}},"13":{"start":{"line":32,"column":0},"end":{"line":57,"column":1}},"14":{"start":{"line":35,"column":1},"end":{"line":37,"column":2}},"15":{"start":{"line":36,"column":2},"end":{"line":36,"column":15}},"16":{"start":{"line":39,"column":1},"end":{"line":41,"column":2}},"17":{"start":{"line":40,"column":2},"end":{"line":40,"column":14}},"18":{"start":{"line":43,"column":1},"end":{"line":44,"column":17}},"19":{"start":{"line":48,"column":1},"end":{"line":54,"column":2}},"20":{"start":{"line":49,"column":2},"end":{"line":53,"column":3}},"21":{"start":{"line":50,"column":3},"end":{"line":52,"column":4}},"22":{"start":{"line":51,"column":4},"end":{"line":51,"column":16}},"23":{"start":{"line":56,"column":1},"end":{"line":56,"column":14}},"24":{"start":{"line":67,"column":0},"end":{"line":136,"column":1}},"25":{"start":{"line":70,"column":1},"end":{"line":70,"column":15}},"26":{"start":{"line":79,"column":1},"end":{"line":135,"column":14}},"27":{"start":{"line":83,"column":2},"end":{"line":85,"column":3}},"28":{"start":{"line":84,"column":3},"end":{"line":84,"column":10}},"29":{"start":{"line":89,"column":2},"end":{"line":133,"column":3}},"30":{"start":{"line":92,"column":3},"end":{"line":92,"column":33}},"31":{"start":{"line":95,"column":3},"end":{"line":95,"column":11}},"32":{"start":{"line":96,"column":3},"end":{"line":132,"column":6}},"33":{"start":{"line":98,"column":4},"end":{"line":98,"column":12}},"34":{"start":{"line":100,"column":4},"end":{"line":102,"column":5}},"35":{"start":{"line":101,"column":5},"end":{"line":101,"column":26}},"36":{"start":{"line":105,"column":4},"end":{"line":105,"column":36}},"37":{"start":{"line":108,"column":4},"end":{"line":109,"column":10}},"38":{"start":{"line":111,"column":4},"end":{"line":126,"column":5}},"39":{"start":{"line":112,"column":5},"end":{"line":125,"column":6}},"40":{"start":{"line":113,"column":6},"end":{"line":124,"column":7}},"41":{"start":{"line":116,"column":7},"end":{"line":116,"column":51}},"42":{"start":{"line":121,"column":7},"end":{"line":122,"column":37}},"43":{"start":{"line":123,"column":7},"end":{"line":123,"column":79}},"44":{"start":{"line":129,"column":4},"end":{"line":131,"column":5}},"45":{"start":{"line":130,"column":5},"end":{"line":130,"column":28}},"46":{"start":{"line":148,"column":0},"end":{"line":176,"column":1}},"47":{"start":{"line":151,"column":1},"end":{"line":175,"column":4}},"48":{"start":{"line":155,"column":2},"end":{"line":157,"column":3}},"49":{"start":{"line":156,"column":3},"end":{"line":156,"column":24}},"50":{"start":{"line":160,"column":2},"end":{"line":160,"column":24}},"51":{"start":{"line":161,"column":2},"end":{"line":163,"column":3}},"52":{"start":{"line":162,"column":3},"end":{"line":162,"column":59}},"53":{"start":{"line":166,"column":2},"end":{"line":166,"column":33}},"54":{"start":{"line":169,"column":2},"end":{"line":173,"column":15}},"55":{"start":{"line":185,"column":0},"end":{"line":218,"column":1}},"56":{"start":{"line":187,"column":1},"end":{"line":189,"column":2}},"57":{"start":{"line":188,"column":2},"end":{"line":188,"column":57}},"58":{"start":{"line":191,"column":1},"end":{"line":193,"column":2}},"59":{"start":{"line":192,"column":2},"end":{"line":192,"column":59}},"60":{"start":{"line":196,"column":1},"end":{"line":217,"column":4}},"61":{"start":{"line":198,"column":2},"end":{"line":200,"column":3}},"62":{"start":{"line":199,"column":3},"end":{"line":199,"column":24}},"63":{"start":{"line":202,"column":2},"end":{"line":204,"column":14}},"64":{"start":{"line":206,"column":2},"end":{"line":214,"column":3}},"65":{"start":{"line":207,"column":3},"end":{"line":207,"column":34}},"66":{"start":{"line":209,"column":3},"end":{"line":209,"column":52}},"67":{"start":{"line":211,"column":3},"end":{"line":213,"column":4}},"68":{"start":{"line":212,"column":4},"end":{"line":212,"column":25}},"69":{"start":{"line":216,"column":2},"end":{"line":216,"column":24}},"70":{"start":{"line":228,"column":0},"end":{"line":260,"column":1}},"71":{"start":{"line":231,"column":1},"end":{"line":233,"column":2}},"72":{"start":{"line":232,"column":2},"end":{"line":232,"column":24}},"73":{"start":{"line":235,"column":1},"end":{"line":237,"column":9}},"74":{"start":{"line":242,"column":1},"end":{"line":251,"column":2}},"75":{"start":{"line":243,"column":2},"end":{"line":245,"column":3}},"76":{"start":{"line":244,"column":3},"end":{"line":244,"column":17}},"77":{"start":{"line":247,"column":2},"end":{"line":247,"column":12}},"78":{"start":{"line":248,"column":2},"end":{"line":250,"column":3}},"79":{"start":{"line":249,"column":3},"end":{"line":249,"column":18}},"80":{"start":{"line":254,"column":1},"end":{"line":259,"column":2}},"81":{"start":{"line":255,"column":2},"end":{"line":255,"column":48}},"82":{"start":{"line":256,"column":2},"end":{"line":256,"column":25}},"83":{"start":{"line":258,"column":2},"end":{"line":258,"column":25}},"84":{"start":{"line":268,"column":0},"end":{"line":290,"column":1}},"85":{"start":{"line":270,"column":1},"end":{"line":271,"column":31}},"86":{"start":{"line":275,"column":1},"end":{"line":277,"column":2}},"87":{"start":{"line":276,"column":2},"end":{"line":276,"column":64}},"88":{"start":{"line":280,"column":1},"end":{"line":289,"column":2}},"89":{"start":{"line":281,"column":2},"end":{"line":285,"column":3}},"90":{"start":{"line":282,"column":3},"end":{"line":284,"column":5}},"91":{"start":{"line":286,"column":8},"end":{"line":289,"column":2}},"92":{"start":{"line":288,"column":2},"end":{"line":288,"column":72}},"93":{"start":{"line":296,"column":0},"end":{"line":303,"column":1}},"94":{"start":{"line":298,"column":1},"end":{"line":300,"column":2}},"95":{"start":{"line":299,"column":2},"end":{"line":299,"column":50}},"96":{"start":{"line":302,"column":1},"end":{"line":302,"column":23}},"97":{"start":{"line":311,"column":0},"end":{"line":354,"column":1}},"98":{"start":{"line":313,"column":1},"end":{"line":313,"column":64}},"99":{"start":{"line":314,"column":1},"end":{"line":314,"column":33}},"100":{"start":{"line":315,"column":1},"end":{"line":315,"column":31}},"101":{"start":{"line":316,"column":1},"end":{"line":316,"column":34}},"102":{"start":{"line":317,"column":1},"end":{"line":317,"column":45}},"103":{"start":{"line":318,"column":1},"end":{"line":318,"column":67}},"104":{"start":{"line":321,"column":1},"end":{"line":353,"column":4}},"105":{"start":{"line":324,"column":2},"end":{"line":326,"column":3}},"106":{"start":{"line":325,"column":3},"end":{"line":325,"column":24}},"107":{"start":{"line":328,"column":2},"end":{"line":352,"column":5}},"108":{"start":{"line":330,"column":3},"end":{"line":332,"column":4}},"109":{"start":{"line":331,"column":4},"end":{"line":331,"column":25}},"110":{"start":{"line":335,"column":3},"end":{"line":351,"column":6}},"111":{"start":{"line":338,"column":4},"end":{"line":340,"column":5}},"112":{"start":{"line":339,"column":5},"end":{"line":339,"column":26}},"113":{"start":{"line":342,"column":4},"end":{"line":350,"column":7}},"114":{"start":{"line":343,"column":5},"end":{"line":345,"column":6}},"115":{"start":{"line":344,"column":6},"end":{"line":344,"column":27}},"116":{"start":{"line":347,"column":5},"end":{"line":347,"column":40}},"117":{"start":{"line":349,"column":5},"end":{"line":349,"column":28}},"118":{"start":{"line":362,"column":0},"end":{"line":376,"column":1}},"119":{"start":{"line":364,"column":1},"end":{"line":365,"column":14}},"120":{"start":{"line":367,"column":1},"end":{"line":371,"column":2}},"121":{"start":{"line":368,"column":2},"end":{"line":370,"column":3}},"122":{"start":{"line":369,"column":3},"end":{"line":369,"column":37}},"123":{"start":{"line":373,"column":1},"end":{"line":373,"column":33}},"124":{"start":{"line":375,"column":1},"end":{"line":375,"column":15}},"125":{"start":{"line":378,"column":0},"end":{"line":384,"column":1}},"126":{"start":{"line":379,"column":1},"end":{"line":379,"column":55}},"127":{"start":{"line":380,"column":1},"end":{"line":382,"column":2}},"128":{"start":{"line":381,"column":2},"end":{"line":381,"column":58}},"129":{"start":{"line":383,"column":1},"end":{"line":383,"column":57}},"130":{"start":{"line":392,"column":0},"end":{"line":415,"column":1}},"131":{"start":{"line":394,"column":1},"end":{"line":394,"column":25}},"132":{"start":{"line":396,"column":1},"end":{"line":398,"column":2}},"133":{"start":{"line":397,"column":2},"end":{"line":397,"column":47}},"134":{"start":{"line":400,"column":1},"end":{"line":400,"column":56}},"135":{"start":{"line":401,"column":1},"end":{"line":401,"column":50}},"136":{"start":{"line":402,"column":1},"end":{"line":402,"column":78}},"137":{"start":{"line":404,"column":1},"end":{"line":406,"column":2}},"138":{"start":{"line":405,"column":2},"end":{"line":405,"column":56}},"139":{"start":{"line":408,"column":1},"end":{"line":410,"column":2}},"140":{"start":{"line":409,"column":2},"end":{"line":409,"column":58}},"141":{"start":{"line":412,"column":1},"end":{"line":412,"column":35}},"142":{"start":{"line":414,"column":1},"end":{"line":414,"column":16}},"143":{"start":{"line":424,"column":0},"end":{"line":435,"column":1}},"144":{"start":{"line":426,"column":1},"end":{"line":434,"column":2}},"145":{"start":{"line":427,"column":2},"end":{"line":427,"column":36}},"146":{"start":{"line":428,"column":2},"end":{"line":428,"column":24}},"147":{"start":{"line":430,"column":2},"end":{"line":432,"column":3}},"148":{"start":{"line":431,"column":3},"end":{"line":431,"column":16}},"149":{"start":{"line":433,"column":2},"end":{"line":433,"column":12}},"150":{"start":{"line":443,"column":0},"end":{"line":494,"column":1}},"151":{"start":{"line":446,"column":1},"end":{"line":449,"column":2}},"152":{"start":{"line":447,"column":2},"end":{"line":447,"column":21}},"153":{"start":{"line":448,"column":2},"end":{"line":448,"column":22}},"154":{"start":{"line":451,"column":1},"end":{"line":455,"column":2}},"155":{"start":{"line":452,"column":2},"end":{"line":452,"column":36}},"156":{"start":{"line":454,"column":2},"end":{"line":454,"column":23}},"157":{"start":{"line":463,"column":1},"end":{"line":466,"column":2}},"158":{"start":{"line":464,"column":2},"end":{"line":465,"column":20}},"159":{"start":{"line":468,"column":1},"end":{"line":470,"column":2}},"160":{"start":{"line":469,"column":2},"end":{"line":469,"column":60}},"161":{"start":{"line":473,"column":1},"end":{"line":493,"column":4}},"162":{"start":{"line":478,"column":2},"end":{"line":481,"column":3}},"163":{"start":{"line":479,"column":3},"end":{"line":479,"column":69}},"164":{"start":{"line":480,"column":3},"end":{"line":480,"column":24}},"165":{"start":{"line":484,"column":2},"end":{"line":492,"column":5}},"166":{"start":{"line":486,"column":3},"end":{"line":488,"column":4}},"167":{"start":{"line":487,"column":4},"end":{"line":487,"column":25}},"168":{"start":{"line":491,"column":3},"end":{"line":491,"column":42}},"169":{"start":{"line":496,"column":0},"end":{"line":505,"column":2}}},"branchMap":{"1":{"line":35,"type":"if","locations":[{"start":{"line":35,"column":1},"end":{"line":35,"column":1}},{"start":{"line":35,"column":1},"end":{"line":35,"column":1}}]},"2":{"line":39,"type":"if","locations":[{"start":{"line":39,"column":1},"end":{"line":39,"column":1}},{"start":{"line":39,"column":1},"end":{"line":39,"column":1}}]},"3":{"line":43,"type":"binary-expr","locations":[{"start":{"line":43,"column":20},"end":{"line":43,"column":53}},{"start":{"line":43,"column":57},"end":{"line":43,"column":59}}]},"4":{"line":49,"type":"if","locations":[{"start":{"line":49,"column":2},"end":{"line":49,"column":2}},{"start":{"line":49,"column":2},"end":{"line":49,"column":2}}]},"5":{"line":50,"type":"if","locations":[{"start":{"line":50,"column":3},"end":{"line":50,"column":3}},{"start":{"line":50,"column":3},"end":{"line":50,"column":3}}]},"6":{"line":83,"type":"if","locations":[{"start":{"line":83,"column":2},"end":{"line":83,"column":2}},{"start":{"line":83,"column":2},"end":{"line":83,"column":2}}]},"7":{"line":83,"type":"binary-expr","locations":[{"start":{"line":83,"column":6},"end":{"line":83,"column":24}},{"start":{"line":83,"column":28},"end":{"line":83,"column":55}}]},"8":{"line":89,"type":"if","locations":[{"start":{"line":89,"column":2},"end":{"line":89,"column":2}},{"start":{"line":89,"column":2},"end":{"line":89,"column":2}}]},"9":{"line":100,"type":"if","locations":[{"start":{"line":100,"column":4},"end":{"line":100,"column":4}},{"start":{"line":100,"column":4},"end":{"line":100,"column":4}}]},"10":{"line":108,"type":"binary-expr","locations":[{"start":{"line":108,"column":23},"end":{"line":108,"column":46}},{"start":{"line":108,"column":50},"end":{"line":108,"column":52}}]},"11":{"line":112,"type":"if","locations":[{"start":{"line":112,"column":5},"end":{"line":112,"column":5}},{"start":{"line":112,"column":5},"end":{"line":112,"column":5}}]},"12":{"line":113,"type":"if","locations":[{"start":{"line":113,"column":6},"end":{"line":113,"column":6}},{"start":{"line":113,"column":6},"end":{"line":113,"column":6}}]},"13":{"line":129,"type":"if","locations":[{"start":{"line":129,"column":4},"end":{"line":129,"column":4}},{"start":{"line":129,"column":4},"end":{"line":129,"column":4}}]},"14":{"line":155,"type":"if","locations":[{"start":{"line":155,"column":2},"end":{"line":155,"column":2}},{"start":{"line":155,"column":2},"end":{"line":155,"column":2}}]},"15":{"line":187,"type":"if","locations":[{"start":{"line":187,"column":1},"end":{"line":187,"column":1}},{"start":{"line":187,"column":1},"end":{"line":187,"column":1}}]},"16":{"line":191,"type":"if","locations":[{"start":{"line":191,"column":1},"end":{"line":191,"column":1}},{"start":{"line":191,"column":1},"end":{"line":191,"column":1}}]},"17":{"line":198,"type":"if","locations":[{"start":{"line":198,"column":2},"end":{"line":198,"column":2}},{"start":{"line":198,"column":2},"end":{"line":198,"column":2}}]},"18":{"line":211,"type":"if","locations":[{"start":{"line":211,"column":3},"end":{"line":211,"column":3}},{"start":{"line":211,"column":3},"end":{"line":211,"column":3}}]},"19":{"line":231,"type":"if","locations":[{"start":{"line":231,"column":1},"end":{"line":231,"column":1}},{"start":{"line":231,"column":1},"end":{"line":231,"column":1}}]},"20":{"line":231,"type":"binary-expr","locations":[{"start":{"line":231,"column":5},"end":{"line":231,"column":15}},{"start":{"line":231,"column":19},"end":{"line":231,"column":41}}]},"21":{"line":243,"type":"if","locations":[{"start":{"line":243,"column":2},"end":{"line":243,"column":2}},{"start":{"line":243,"column":2},"end":{"line":243,"column":2}}]},"22":{"line":248,"type":"if","locations":[{"start":{"line":248,"column":2},"end":{"line":248,"column":2}},{"start":{"line":248,"column":2},"end":{"line":248,"column":2}}]},"23":{"line":275,"type":"if","locations":[{"start":{"line":275,"column":1},"end":{"line":275,"column":1}},{"start":{"line":275,"column":1},"end":{"line":275,"column":1}}]},"24":{"line":275,"type":"binary-expr","locations":[{"start":{"line":275,"column":5},"end":{"line":275,"column":32}},{"start":{"line":275,"column":36},"end":{"line":275,"column":63}}]},"25":{"line":280,"type":"if","locations":[{"start":{"line":280,"column":1},"end":{"line":280,"column":1}},{"start":{"line":280,"column":1},"end":{"line":280,"column":1}}]},"26":{"line":286,"type":"if","locations":[{"start":{"line":286,"column":8},"end":{"line":286,"column":8}},{"start":{"line":286,"column":8},"end":{"line":286,"column":8}}]},"27":{"line":286,"type":"binary-expr","locations":[{"start":{"line":286,"column":12},"end":{"line":286,"column":40}},{"start":{"line":286,"column":44},"end":{"line":286,"column":72}}]},"28":{"line":298,"type":"if","locations":[{"start":{"line":298,"column":1},"end":{"line":298,"column":1}},{"start":{"line":298,"column":1},"end":{"line":298,"column":1}}]},"29":{"line":298,"type":"binary-expr","locations":[{"start":{"line":298,"column":5},"end":{"line":298,"column":20}},{"start":{"line":298,"column":24},"end":{"line":298,"column":46}}]},"30":{"line":313,"type":"binary-expr","locations":[{"start":{"line":313,"column":18},"end":{"line":313,"column":51}},{"start":{"line":313,"column":55},"end":{"line":313,"column":63}}]},"31":{"line":313,"type":"binary-expr","locations":[{"start":{"line":313,"column":19},"end":{"line":313,"column":40}},{"start":{"line":313,"column":44},"end":{"line":313,"column":46}}]},"32":{"line":316,"type":"binary-expr","locations":[{"start":{"line":316,"column":12},"end":{"line":316,"column":27}},{"start":{"line":316,"column":31},"end":{"line":316,"column":33}}]},"33":{"line":317,"type":"binary-expr","locations":[{"start":{"line":317,"column":15},"end":{"line":317,"column":33}},{"start":{"line":317,"column":37},"end":{"line":317,"column":44}}]},"34":{"line":324,"type":"if","locations":[{"start":{"line":324,"column":2},"end":{"line":324,"column":2}},{"start":{"line":324,"column":2},"end":{"line":324,"column":2}}]},"35":{"line":330,"type":"if","locations":[{"start":{"line":330,"column":3},"end":{"line":330,"column":3}},{"start":{"line":330,"column":3},"end":{"line":330,"column":3}}]},"36":{"line":338,"type":"if","locations":[{"start":{"line":338,"column":4},"end":{"line":338,"column":4}},{"start":{"line":338,"column":4},"end":{"line":338,"column":4}}]},"37":{"line":343,"type":"if","locations":[{"start":{"line":343,"column":5},"end":{"line":343,"column":5}},{"start":{"line":343,"column":5},"end":{"line":343,"column":5}}]},"38":{"line":368,"type":"if","locations":[{"start":{"line":368,"column":2},"end":{"line":368,"column":2}},{"start":{"line":368,"column":2},"end":{"line":368,"column":2}}]},"39":{"line":379,"type":"binary-expr","locations":[{"start":{"line":379,"column":23},"end":{"line":379,"column":42}},{"start":{"line":379,"column":46},"end":{"line":379,"column":54}}]},"40":{"line":380,"type":"if","locations":[{"start":{"line":380,"column":1},"end":{"line":380,"column":1}},{"start":{"line":380,"column":1},"end":{"line":380,"column":1}}]},"41":{"line":394,"type":"binary-expr","locations":[{"start":{"line":394,"column":11},"end":{"line":394,"column":18}},{"start":{"line":394,"column":22},"end":{"line":394,"column":24}}]},"42":{"line":396,"type":"if","locations":[{"start":{"line":396,"column":1},"end":{"line":396,"column":1}},{"start":{"line":396,"column":1},"end":{"line":396,"column":1}}]},"43":{"line":400,"type":"binary-expr","locations":[{"start":{"line":400,"column":21},"end":{"line":400,"column":38}},{"start":{"line":400,"column":42},"end":{"line":400,"column":55}}]},"44":{"line":401,"type":"binary-expr","locations":[{"start":{"line":401,"column":22},"end":{"line":401,"column":40}},{"start":{"line":401,"column":44},"end":{"line":401,"column":49}}]},"45":{"line":402,"type":"cond-expr","locations":[{"start":{"line":402,"column":53},"end":{"line":402,"column":66}},{"start":{"line":402,"column":69},"end":{"line":402,"column":77}}]},"46":{"line":404,"type":"if","locations":[{"start":{"line":404,"column":1},"end":{"line":404,"column":1}},{"start":{"line":404,"column":1},"end":{"line":404,"column":1}}]},"47":{"line":408,"type":"if","locations":[{"start":{"line":408,"column":1},"end":{"line":408,"column":1}},{"start":{"line":408,"column":1},"end":{"line":408,"column":1}}]},"48":{"line":430,"type":"if","locations":[{"start":{"line":430,"column":2},"end":{"line":430,"column":2}},{"start":{"line":430,"column":2},"end":{"line":430,"column":2}}]},"49":{"line":446,"type":"if","locations":[{"start":{"line":446,"column":1},"end":{"line":446,"column":1}},{"start":{"line":446,"column":1},"end":{"line":446,"column":1}}]},"50":{"line":446,"type":"binary-expr","locations":[{"start":{"line":446,"column":5},"end":{"line":446,"column":34}},{"start":{"line":446,"column":38},"end":{"line":446,"column":60}}]},"51":{"line":468,"type":"if","locations":[{"start":{"line":468,"column":1},"end":{"line":468,"column":1}},{"start":{"line":468,"column":1},"end":{"line":468,"column":1}}]},"52":{"line":478,"type":"if","locations":[{"start":{"line":478,"column":2},"end":{"line":478,"column":2}},{"start":{"line":478,"column":2},"end":{"line":478,"column":2}}]},"53":{"line":486,"type":"if","locations":[{"start":{"line":486,"column":3},"end":{"line":486,"column":3}},{"start":{"line":486,"column":3},"end":{"line":486,"column":3}}]}},"code":["/**"," *"," * @description Performs license search"," *"," * @author Ian Kelly"," * @copyright Copyright (C) Ian Kelly 2013"," *"," * @license [url] The MIT License"," *"," */","'use strict';","","var readInstalled = require('read-installed');","var compareModuleNames = require('./compare-module-names');","var Module = require('./module');","var path = require('path');","var fs = require('fs');","var glob = require('glob-all');","var FileSource = require('./file-source');","var PackageSource = require('./package-source');","var csvFormatter = require('./formatters/csv');","var standardFormatter = require('./formatters/standard');","var LicenseCollection = require('./license-collection');","var licenseFind = require('./license-find');","","/**"," * Is this module a development dependency of its parent?"," *"," * @param  {Object}  moduleData The module's data"," * @return {Boolean}            True if the module is a production dependency"," */","function isDevDependency(moduleData) {","","\t// this might be the root object - which by definition is production","\tif (moduleData.parent === undefined) {","\t\treturn false;","\t}","","\tif (moduleData.extraneous) {","\t\treturn true;","\t}","","\tvar dependencies = moduleData.parent.devDependencies || {},","\t\tdependencyName;","","\t// look for this module in the production dependencies of the parent","\t// and return true if it is found","\tfor (dependencyName in dependencies) {","\t\tif (dependencies.hasOwnProperty(dependencyName)) {","\t\t\tif (dependencyName === moduleData.name) {","\t\t\t\treturn true;","\t\t\t}","\t\t}","\t}","","\treturn false;","}","","/**"," * Parse the data returned by readInstalled"," *"," * @param  {Object}\t\tdata     readInstalled data"," * @param  {Object}\t\toptions  the options object"," * @param  {Array}\t\toutput   The output array"," * @param  {Function}\tcallback Callback function"," */","function parseInstalled(data, options, callback) {","","\t// count of outstanding unfinished parse functions","\tvar count = 0;","","\t/**","\t * Recursively parse some readInstalled module data, including all dependencies","\t *","\t * @param  {Object}\t\tmoduleData\tThe module data","\t * @param  {Object}\t\toutput\t\tThe output data","\t * @param  {Function}\tcallback\tCallback","\t */","\t(function parseModuleData(moduleData, output) {","","\t\t// don't parse this module if it is a development dependency","\t\t// and we are only looking for production dependencies","\t\tif (options.production && isDevDependency(moduleData)) {","\t\t\treturn;","\t\t}","","\t\t// a module with this ID (name@version) is already in the output","\t\t// collection, we don't need to process it again","\t\tif (!output.hasOwnProperty(moduleData._id)) {","","\t\t\t// we need to lock this ID now in case another function call does this","\t\t\toutput[moduleData._id] = null;","","\t\t\t// we're going to call the async function - so increase count","\t\t\tcount++;","\t\t\tcreateModule(moduleData, function (err, module) {","\t\t\t\t// decrease count when it returns","\t\t\t\tcount--;","","\t\t\t\tif (err) {","\t\t\t\t\treturn callback(err);","\t\t\t\t}","","\t\t\t\t// add this module to the output object/collection","\t\t\t\toutput[moduleData._id] = module;","","\t\t\t\t// iterate over all the dependencies - if any","\t\t\t\tvar dependencie
[...]
"line":61,"column":2},"end":{"line":61,"column":35}},"15":{"start":{"line":64,"column":1},"end":{"line":64,"column":35}},"16":{"start":{"line":68,"column":0},"end":{"line":70,"column":2}}},"branchMap":{"1":{"line":44,"type":"if","locations":[{"start":{"line":44,"column":1},"end":{"line":44,"column":1}},{"start":{"line":44,"column":1},"end":{"line":44,"column":1}}]},"2":{"line":48,"type":"if","locations":[{"start":{"line":48,"column":1},"end":{"line":48,"column":1}},{"start":{"line":48,"column":1},"end":{"line":48,"column":1}}]},"3":{"line":52,"type":"if","locations":[{"start":{"line":52,"column":1},"end":{"line":52,"column":1}},{"start":{"line":52,"column":1},"end":{"line":52,"column":1}}]}},"code":["/**"," * @description csv output formatter"," * @author Ian Kelly"," *"," * @copyright Copyright (C) Ian Kelly 2013"," * @license MIT"," */","","'use strict';","","var heading = 'name,version,directory,repository,summary,' +","\t\t\t'from package.json,from license,from readme';","","","/**"," * Returns a single csv line for a module record"," * "," * @param  {Object} moduleRecord The module's license record"," * @return {String}              The record turned into a CSV record"," */","function recordToCsv(moduleRecord) {","","\t// @todo - what do do if any of the data contains a comma?","\t// put double quotes around the value?","\treturn moduleRecord.name + ',' +","\t\t\tmoduleRecord.version + ',' +","\t\t\tmoduleRecord.directory + ',' +","\t\t\tmoduleRecord.repository + ',' +","\t\t\tmoduleRecord.summary().join(';') + ',' +","\t\t\tmoduleRecord.licenseSources.package.summary().join(';') + ',' +","\t\t\tmoduleRecord.licenseSources.license.summary().join(';') + ',' +","\t\t\tmoduleRecord.licenseSources.readme.summary().join(';');","}","","/**"," * Render the license data"," * "," * @param  {Array}    licenseData An array of module licence data"," * @param  {Object}   options     Options"," * @param  {Function} callback    The callback (err, output string)"," */","function render(licenseData, options, callback) {","","\tif (typeof callback !== 'function') {","\t\tthrow new Error('must have a callback');","\t}","","\tif (!Array.isArray(licenseData)) {","\t\treturn callback(new Error('licenseData must be an array'));","\t}","","\tif (licenseData.length < 1) {","\t\treturn callback(new Error('must have at least one module in data'));","\t}","","\tvar output = [];","","\toutput.push(heading);","","\tlicenseData.forEach(function (module) {","\t\toutput.push(recordToCsv(module));","\t});","","\tcallback(null, output.join('\\n'));","}","","","module.exports = {","\trender: render","};"],"l":{"11":1,"21":1,"25":0,"42":1,"44":0,"45":0,"48":0,"49":0,"52":0,"53":0,"56":0,"58":0,"60":0,"61":0,"64":0,"68":1}},"/home/travis/build/npmtest/node-npmtest-nlf/node_modules/nlf/lib/formatters/standard.js":{"path":"/home/travis/build/npmtest/node-npmtest-nlf/node_modules/nlf/lib/formatters/standard.js","s":{"1":1,"2":1,"3":42,"4":42,"5":42,"6":42,"7":42,"8":42,"9":35,"10":42,"11":42,"12":14,"13":42,"14":1,"15":1,"16":1,"17":0,"18":0,"19":0,"20":0,"21":0,"22":1,"23":1,"24":0,"25":1,"26":0,"27":1,"28":0,"29":1,"30":1,"31":1,"32":42,"33":42,"34":42,"35":60,"36":60,"37":15,"38":60,"39":1,"40":1,"41":1,"42":0,"43":0,"44":1,"45":1},"b":{"1":[42,0],"2":[35,7],"3":[14,28],"4":[0,0],"5":[0,1],"6":[0,1],"7":[0,1],"8":[15,45],"9":[1,0]},"f":{"1":42,"2":1,"3":0,"4":1,"5":42},"fnMap":{"1":{"name":"createModuleNode","line":19,"loc":{"start":{"line":19,"column":0},"end":{"line":19,"column":38}}},"2":{"name":"createSummary","line":53,"loc":{"start":{"line":53,"column":0},"end":{"line":53,"column":37}}},"3":{"name":"modulesByLicenses","line":65,"loc":{"start":{"line":65,"column":0},"end":{"line":65,"column":40}}},"4":{"name":"render","line":88,"loc":{"start":{"line":88,"column":0},"end":{"line":88,"column":48}}},"5":{"name":"(anonymous_5)","line":107,"loc":{"start":{"line":107,"column":21},"end":{"line":107,"column":39}}}},"statementMap":{"1":{"start":{"line":11,"column":0},"end":{"line":11,"column":29}},"2":{"start":{"line":19,"column":0},"end":{"line":46,"column":1}},"3":{"start":{"line":21,"column":1},"end":{"line":28,"column":10}},"4":{"start":{"line":30,"column":1},"end":{"line":30,"column":55}},"5":{"start":{"line":31,"column":1},"end":{"line":33,"column":2}},"6":{"start":{"line":32,"column":2},"end":{"line":32,"column":60}},"7":{"start":{"line":35,"column":1},"end":{"line":35,"column":55}},"8":{"start":{"line":36,"column":1},"end":{"line":38,"column":2}},"9":{"start":{"line":37,"column":2},"end":{"line":37,"column":60}},"10":{"start":{"line":40,"column":1},"end":{"line":40,"column":54}},"11":{"start":{"line":41,"column":1},"end":{"line":43,"column":2}},"12":{"start":{"line":42,"column":2},"end":{"line":42,"column":59}},"13":{"start":{"line":45,"column":1},"end":{"line":45,"column":22}},"14":{"start":{"line":53,"column":0},"end":{"line":57,"column":1}},"15":{"start":{"line":54,"column":1},"end":{"line":56,"column":4}},"16":{"start":{"line":65,"column":0},"end":{"line":79,"column":1}},"17":{"start":{"line":66,"column":1},"end":{"line":69,"column":3}},"18":{"start":{"line":70,"column":1},"end":{"line":77,"column":2}},"19":{"start":{"line":71,"column":2},"end":{"line":76,"column":3}},"20":{"start":{"line":72,"column":3},"end":{"line":75,"column":6}},"21":{"start":{"line":78,"column":1},"end":{"line":78,"column":22}},"22":{"start":{"line":88,"column":0},"end":{"line":131,"column":1}},"23":{"start":{"line":90,"column":1},"end":{"line":92,"column":2}},"24":{"start":{"line":91,"column":2},"end":{"line":91,"column":42}},"25":{"start":{"line":94,"column":1},"end":{"line":96,"column":2}},"26":{"start":{"line":95,"column":2},"end":{"line":95,"column":61}},"27":{"start":{"line":98,"column":1},"end":{"line":100,"column":2}},"28":{"start":{"line":99,"column":2},"end":{"line":99,"column":70}},"29":{"start":{"line":102,"column":1},"end":{"line":102,"column":17}},"30":{"start":{"line":103,"column":1},"end":{"line":103,"column":18}},"31":{"start":{"line":107,"column":1},"end":{"line":118,"column":4}},"32":{"start":{"line":108,"column":2},"end":{"line":108,"column":40}},"33":{"start":{"line":110,"column":2},"end":{"line":110,"column":40}},"34":{"start":{"line":111,"column":2},"end":{"line":117,"column":3}},"35":{"start":{"line":112,"column":3},"end":{"line":112,"column":39}},"36":{"start":{"line":113,"column":3},"end":{"line":115,"column":4}},"37":{"start":{"line":114,"column":4},"end":{"line":114,"column":26}},"38":{"start":{"line":116,"column":3},"end":{"line":116,"column":36}},"39":{"start":{"line":121,"column":1},"end":{"line":128,"column":2}},"40":{"start":{"line":123,"column":3},"end":{"line":123,"column":39}},"41":{"start":{"line":124,"column":3},"end":{"line":124,"column":9}},"42":{"start":{"line":126,"column":3},"end":{"line":126,"column":43}},"43":{"start":{"line":127,"column":3},"end":{"line":127,"column":9}},"44":{"start":{"line":130,"column":1},"end":{"line":130,"column":35}},"45":{"start":{"line":134,"column":0},"end":{"line":136,"column":2}}},"branchMap":{"1":{"line":31,"type":"if","locations":[{"start":{"line":31,"column":1},"end":{"line":31,"column":1}},{"start":{"line":31,"column":1},"end":{"line":31,"column":1}}]},"2":{"line":36,"type":"if","locations":[{"start":{"line":36,"column":1},"end":{"line":36,"column":1}},{"start":{"line":36,"column":1},"end":{"line":36,"column":1}}]},"3":{"line":41,"type":"if","locations":[{"start":{"line":41,"column":1},"end":{"line":41,"column":1}},{"start":{"line":41,"column":1},"end":{"line":41,"column":1}}]},"4":{"line":71,"type":"if","locations":[{"start":{"line":71,"column":2},"end":{"line":71,"column":2}},{"start":{"line":71,"column":2},"end":{"line":71,"column":2}}]},"5":{"line":90,"type":"if","locations":[{"start":{"line":90,"column":1},"end":{"line":90,"column":1}},{"start":{"line":90,"column":1},"end":{"line":90,"column":1}}]},"6":{"line":94,"type":"if","locations":[{"start":{"line":94,"column":1},"end":{"line":94,"column":1}},{"start":{"line":94,"column":1},"end":{"line":94,"column":1}}]},"7":{"line":98,"type":"if","locations":[{"start":{"line":98,"column":1},"end":{"line":98,"column":1}},{"start":{"line":98,"column":1},"end":{"line":98,"column":1}}]},"8":{"line":113,"type":"if","locations":[{"start":{"line":113,"column":3},"end":{"line":113,"column":3}},{"start":{"line":113,"column":3},"end":{"line":113,"column":3}}]},"9":{"line":121,"type":"switch","locations":[{"start":{"line":122,"column":2},"end":{"line":124,"column":9}},{"start":{"line":125,"column":2},"end":{"line":127,"column":9}}]}},"code":["/**"," * @description Standard console output formatter"," * @author Ian Kelly"," *"," * @copyright Copyright (C) Ian Kelly 2013"," * @license MIT"," */","","'use strict';","","var archy = require('archy');","","/**"," * Create the output string for a single module"," *"," * @param  {Object} moduleData The module license data"," * @return {String}            An archy formatted string"," */","function createModuleNode(moduleData) {","","\tvar output = {","\t\tlabel: moduleData.id","\t\t\t+ ' [license(s): '","\t\t\t+ moduleData.summary().join(', ')","\t\t\t+ ']',","\t\tnodes: []","\t},","\t\tsummary;","","\tsummary = moduleData.licenseSources.package.summary();","\tif (summary.length > 0) {","\t\toutput.nodes.push('package.json:  ' + summary.join(', '));","\t}","","\tsummary = moduleData.licenseSources.license.summary();","\tif (summary.length > 0) {","\t\toutput.nodes.push('license files: ' + summary.join(', '));","\t}","","\tsummary = moduleData.licenseSources.readme.summary();","\tif (summary.length > 0) {","\t\toutput.nodes.push('readme files: ' + summary.join(', '));","\t}","","\treturn archy(output);","}","","/**"," * Create an archy formatted summary of the licenses found"," *"," * @param {Object} summaryData Map: license -> modules"," */","function createSummary(summmaryData) {","\treturn archy({","\t\tlabel: 'LICENSES: ' + Object.keys(summmaryData).sort().join(', ')","\t});","}","","","/**"," * Create an archy output of the modules group by license"," * "," * @param {Object} summaryData Map: license -> modules"," */","function modulesByLicenses(summaryData) {","\tvar output = {","\t\tlabel: 'LICENSES:',","\t\tnodes: []","\t};","\tfor (var license in summaryData) {","\t\tif (summaryData.hasOwnProperty(license)) {","\t\t\toutput.nodes.push({","\t\t\t\tlabel: license,","\t\t\t\tnodes: summaryData[license]","\t\t\t});","\t\t}","\t}","\treturn archy(output);","}","","/**"," * Render the license data"," *"," * @param  {Array}    licenseData An array of module licence data"," * @param  {Object}   options     Options"," * @param  {Function} callback    The callback (err, output string)"," */","function render(licenseData, options, callback) {","","\tif (typeof callback !== 'function') {","\t\tthrow new Error('must have a callback');","\t}","","\tif (!Array.isArray(licenseData)) {","\t\treturn callback(new Error('licenseData must be an array'));","\t}","","\tif (licenseData.length < 1) {","\t\treturn callback(new Error('must have at least one module in data'));","\t}","","\tvar output = [];","\tvar summary = {};","","\t// go through all the modules, adding them to","\t// the output archy formatted data","\tlicenseData.forEach(function (module) {","\t\toutput.push(createModuleNode(module));","\t\t// add new licenses to the summary","\t\tvar moduleLicenses = module.summary();","\t\tfor (var index = 0; index < moduleLicenses.length; index++) {","\t\t\tvar license = moduleLicenses[index];","\t\t\tif (!summary[license]) {","\t\t\t\tsummary[license] = [];","\t\t\t}","\t\t\tsummary[license].push(module.id);","\t\t}","\t});","","\t// add the summary","\tswitch (options.summaryMode) {","\t\tcase 'simple': ","\t\t\toutput.push(createSummary(summary));","\t\t\tbreak;","\t\tcase 'detail':","\t\t\toutput.push(modulesByLicenses(summary));","\t\t\tbreak;","\t}","","\tcallback(null, output.join('\\n'));","}","","","module.exports = {","\trender: render","};",""],"l":{"11":1,"19":1,"21":42,"30":42,"31":42,"32":42,"35":42,"36":42,"37":35,"40":42,"41":42,"42":14,"45":42,"53":1,"54":1,"65":1,"66":0,"70":0,"71":0,"72":0,"78":0,"88":1,"90":1,"91":0,"94":1,"95":0,"98":1,"99":0,"102":1,"103":1,"107":1,"108":42,"110":42,"111":42,"112":60,"113":60,"114":15,"116":60,"121":1,"123":1,"124":1,"126":0,"127":0,"130":1,"134":1}},"/home/travis/build/npmtest/node-npmtest-nlf/node_modules/nlf/gulpfile.js":{"path":"/home/travis/build/npmtest/node-npmtest-nlf/node_modules/nlf/gulpfile.js","s":{"1":2,"2":0,"3":0,"4":0,"5":0,"6":0,"7":0,"8":0,"9":0,"10":0,"11":0,"12":0,"13":0,"14":0},"b":{},"f":{"1":0,"2":0,"3":0},"fnMap":{"1":{"name":"(anonymous_1)","line":21,"loc":{"start":{"line":21,"column":18},"end":{"line":21,"column":29}}},"2":{"name":"(anonymous_2)","line":31,"loc":{"start":{"line":31,"column":28},"end":{"line":31,"column":40}}},"3":{"name":"(anonymous_3)","line":48,"loc":{"start":{"line":48,"column":38},"end":{"line":48,"column":49}}}},"statementMap":{"1":{"start":{"line":9,"column":0},"end":{"line":9,"column":27}},"2":{"start":{"line":10,"column":0},"end":{"line":10,"column":36}},"3":{"start":{"line":11,"column":0},"end":{"line":11,"column":34}},"4":{"start":{"line":12,"column":0},"end":{"line":12,"column":37}},"5":{"start":{"line":13,"column":0},"end":{"line":13,"column":42}},"6":{"start":{"line":16,"column":0},"end":{"line":16,"column":74}},"7":{"start":{"line":21,"column":0},"end":{"line":26,"column":3}},"8":{"start":{"line":22,"column":1},"end":{"line":25,"column":33}},"9":{"start":{"line":31,"column":0},"end":{"line":43,"column":3}},"10":{"start":{"line":32,"column":1},"end":{"line":42,"column":30}},"11":{"start":{"line":48,"column":0},"end":{"line":59,"column":3}},"12":{"start":{"line":49,"column":1},"end":{"line":58,"column":21}},"13":{"start":{"line":61,"column":0},"end":{"line":61,"column":39}},"14":{"start":{"line":62,"column":0},"end":{"line":62,"column":48}}},"branchMap":{},"code":["/**"," * @description - gulp build file"," *"," * @copyright Ian Kelly 2015"," */","","'use strict';","","var gulp = require('gulp');","var jshint = require('gulp-jshint');","var mocha = require('gulp-mocha');","var cover = require('gulp-coverage');","var coveralls = require('gulp-coveralls');","","// set coveralls environmental variable","process.env['COVERALLS_REPO_TOKEN'] = 'rCIR66aQA8jUA7Berlh1PHd917mjMt4hU';","","/**"," * Linting task"," */","gulp.task('lint', function() {","\treturn gulp.src(['lib/**/*.js', 'test/unit/**/*.js', 'gulpfile.js'])","\t\t.pipe(jshint())","\t\t.pipe(jshint.reporter('default'))","\t\t.pipe(jshint.reporter('fail'));","});","","/**"," * Task for developer test and coverage report"," */","gulp.task('test', ['lint'], function () {","\treturn gulp.src(['lib/**/*.js', 'test/unit/**/*.js'], { read: false })","\t\t.pipe(jshint())","\t\t.pipe(jshint.reporter('default'))","\t\t.pipe(jshint.reporter('fail'))","\t\t.pipe(cover.instrument({","\t\t\tpattern: ['lib/**/*.js']","\t\t}))","\t\t.pipe(mocha())","\t\t.pipe(cover.gather())","\t\t.pipe(cover.format())","\t\t.pipe(gulp.dest('reports'));","});","","/**"," * Task for travis-ci which pipes coverage to coveralls"," */","gulp.task('test-coveralls', ['lint'], function() {","\treturn gulp.src(['lib/**/*.js', 'test/unit/**/*.js'], { read: false })","\t\t.pipe(cover.instrument({","\t\t\tpattern: ['lib/**/*.js']","\t\t}))","\t\t.pipe(mocha())","\t\t.pipe(cover.gather())","\t\t.pipe(cover.format({","\t\t\treporter: 'lcov'","\t\t}))","\t\t.pipe(coveralls());","});","","gulp.task('default', ['lint', 'test']);","gulp.task('travis', ['lint', 'test-coveralls']);",""],"l":{"9":2,"10":0,"11":0,"12":0,"13":0,"16":0,"21":0,"22":0,"31":0,"32":0,"48":0,"49":0,"61":0,"62":0}},"/home/travis/build/npmtest/node-npmtest-nlf/node_modules/nlf/bin/nlf-cli.js":{"path":"/home/travis/build/npmtest/node-npmtest-nlf/node_modules/nlf/bin/nlf-cli.js","s":{"1":1,"2":1,"3":1,"4":1,"5":1,"6":1,"7":0,"8":1,"9":1,"10":1,"11":0,"12":0,"13":1,"14":1,"15":1,"16":0,"17":0,"18":1},"b":{"1":[0,1],"2":[0,1],"3":[1,0],"4":[1,1],"5":[0,1]},"f":{"1":1,"2":1},"fnMap":{"1":{"name":"(anonymous_1)","line":43,"loc":{"start":{"line":43,"column":18},"end":{"line":43,"column":39}}},"2":{"name":"(anonymous_2)","line":51,"loc":{"start":{"line":51,"column":31},"end":{"line":51,"column":54}}}},"statementMap":{"1":{"start":{"line":16,"column":0},"end":{"line":22,"column":3}},"2":{"start":{"line":24,"column":0},"end":{"line":30,"column":22}},"3":{"start":{"line":32,"column":0},"end":{"line":32,"column":34}},"4":{"start":{"line":33,"column":0},"end":{"line":33,"column":30}},"5":{"start":{"line":34,"column":0},"end":{"line":34,"column":38}},"6":{"start":{"line":37,"column":0},"end":{"line":41,"column":1}},"7":{"start":{"line":38,"column":1},"end":{"line":38,"column":43}},"8":{"start":{"line":40,"column":1},"end":{"line":40,"column":48}},"9":{"start":{"line":43,"column":0},"end":{"line":60,"column":3}},"10":{"start":{"line":45,"column":1},"end":{"line":48,"column":2}},"11":{"start":{"line":46,"column":2},"end":{"line":46,"column":21}},"12":{"start":{"line":47,"column":2},"end":{"line":47,"column":18}},"13":{"start":{"line":50,"column":1},"end":{"line":58,"column":2}},"14":{"start":{"line":51,"column":2},"end":{"line":57,"column":5}},"15":{"start":{"line":52,"column":3},"end":{"line":55,"column":4}},"16":{"start":{"line":53,"column":4},"end":{"line":53,"column":23}},"17":{"start":{"line":54,"column":4},"end":{"line":54,"column":20}},"18":{"start":{"line":56,"column":3},"end":{"line":56,"column":23}}},"branchMap":{"1":{"line":37,"type":"if","locations":[{"start":{"line":37,"column":0},"end":{"line":37,"column":0}},{"start":{"line":37,"column":0},"end":{"line":37,"column":0}}]},"2":{"line":45,"type":"if","locations":[{"start":{"line":45,"column":1},"end":{"line":45,"column":1}},{"start":{"line":45,"column":1},"end":{"line":45,"column":1}}]},"3":{"line":50,"type":"if","locations":[{"start":{"line":50,"column":1},"end":{"line":50,"column":1}},{"start":{"line":50,"column":1},"end":{"line":50,"column":1}}]},"4":{"line":50,"type":"binary-expr","locations":[{"start":{"line":50,"column":5},"end":{"line":50,"column":9}},{"start":{"line":50,"column":13},"end":{"line":50,"column":28}}]},"5":{"line":52,"type":"if","locations":[{"start":{"line":52,"column":3},"end":{"line":52,"column":3}},{"start":{"line":52,"column":3},"end":{"line":52,"column":3}}]}},"code":["//#!/usr/bin/env node","","/**"," *"," * @description cli for nlf"," *"," * @author Ian Kelly"," * @copyright Copyright (C) Ian Kelly"," *"," * @license http://opensource.org/licenses/MIT The MIT License"," *"," */","","'use strict';","","var program = require('commander'),","\tpjson = require('../package.json'),","\tnlf = require('../lib/nlf'),","\tformat = require('../lib/formatters/standard'),","\toptions = {","\t\tdirectory: process.cwd()","\t};","","program","\t.version(pjson.version)","\t.option('-d, --no-dev', 'exclude development dependencies')","\t.option('-s, --summary <mode>', 'summary (not available in csv format): off | simple (default) | detail', /^(off|simple|detail)$/i, 'simple')","\t.option('-c, --csv', 'output in csv format')","\t.option('-r, --reach [num]', 'package depth (reach)', parseInt, Infinity)","\t.parse(process.argv);","","options.production = !program.dev;","options.depth = program.reach;","options.summaryMode = program.summary;","","// select which formatter","if (program.csv) {","\tformat = require('../lib/formatters/csv');","} else {","\tformat = require('../lib/formatters/standard');","}","","nlf.find(options, function (err, data) {","","\tif (err) {","\t\tconsole.error(err);","\t\tprocess.exit(1);","\t}","","\tif (data && data.length > 0) {","\t\tformat.render(data, options, function (err, output) {","\t\t\tif (err) {","\t\t\t\tconsole.error(err);","\t\t\t\tprocess.exit(1);","\t\t\t}","\t\t\tconsole.log(output);","\t\t});","\t}","","});",""],"l":{"16":1,"24":1,"32":1,"33":1,"34":1,"37":1,"38":0,"40":1,"43":1,"45":1,"46":0,"47":0,"50":1,"51":1,"52":1,"53":0,"54":0,"56":1}}}